#
# A fatal error has been detected by the Java Runtime Environment:
#
#  EXCEPTION_ACCESS_VIOLATION (0xc0000005) at pc=0x0000020609fe2d0e, pid=10556, tid=11972
#
# JRE version: OpenJDK Runtime Environment Temurin-17+35 (17.0+35) (build 17+35)
# Java VM: OpenJDK 64-Bit Server VM Temurin-17+35 (17+35, mixed mode, emulated-client, tiered, compressed oops, compressed class ptrs, g1 gc, windows-amd64)
# Problematic frame:
# J 3043 c1 org.springframework.beans.factory.support.AbstractBeanFactory.isTypeMatch(Ljava/lang/String;Lorg/springframework/core/ResolvableType;Z)Z (607 bytes) @ 0x0000020609fe2d0e [0x0000020609fe2b80+0x000000000000018e]
#
# No core dump will be written. Minidumps are not enabled by default on client versions of Windows
#
# If you would like to submit a bug report, please visit:
#   https://github.com/adoptium/adoptium-support/issues
#

---------------  S U M M A R Y ------------

Command Line: -Dcom.sun.management.jmxremote -Dcom.sun.management.jmxremote.port=51904 -Dcom.sun.management.jmxremote.authenticate=false -Dcom.sun.management.jmxremote.ssl=false -Djava.rmi.server.hostname=localhost -Dspring.jmx.enabled=true -Dspring.application.admin.enabled=true -XX:TieredStopAtLevel=1 -Dspring.boot.project.name=Mega-Project-Velocity -Dfile.encoding=UTF-8 -XX:+ShowCodeDetailsInExceptionMessages com.velocity.SpringBootMegaProjectECommerceApplication --spring.output.ansi.enabled=always

Host: Intel(R) Core(TM) i5 CPU       M 540  @ 2.53GHz, 4 cores, 3G,  Windows 10 , 64 bit Build 19041 (10.0.19041.2913)
Time: Sat May 20 08:58:44 2023 India Standard Time elapsed time: 1358.493983 seconds (0d 0h 22m 38s)

---------------  T H R E A D  ---------------

Current thread (0x0000020612cddb00):  JavaThread "restartedMain" [_thread_in_Java, id=11972, stack(0x00000046f8d00000,0x00000046f8e00000)]

Stack: [0x00000046f8d00000,0x00000046f8e00000],  sp=0x00000046f8dfccf0,  free space=1011k
Native frames: (J=compiled Java code, j=interpreted, Vv=VM code, C=native code)
C  0x0000020609fe2d0e


siginfo: EXCEPTION_ACCESS_VIOLATION (0xc0000005), reading address 0x0000000000000070


Register to memory mapping:

RIP=0x0000020609fe2d0e is at entry_point+398 in (nmethod*)0x0000020609fe2710
RAX=0x00000000c59a9b78 is pointing into object: [Ljava.util.HashMap$Node; 
{0x00000000c59a9b38} - klass: 'java/util/HashMap$Node'[]
 - length: 16
RBX=0x00000000241333c7 is an unknown value
RCX=0x0000000000000002 is an unknown value
RDX=0x00000000c58e2358 is an oop: java.lang.String 
{0x00000000c58e2358} - klass: 'java/lang/String'
 - string: "tomcatServletWebServerFactory"
RSP=0x00000046f8dfccf0 is pointing into the stack for thread: 0x0000020612cddb00
RBP=0x00000046f8dfd678 is pointing into the stack for thread: 0x0000020612cddb00
RSI=0x00000000241333c7 is an unknown value
RDI=0x00000000c530d430 is an oop: java.util.concurrent.ConcurrentHashMap$Node 
{0x00000000c530d430} - klass: 'java/util/concurrent/ConcurrentHashMap$Node'
 - ---- fields (total size 4 words):
 - final 'hash' 'I' @12  605238215 (241333c7)
 - final 'key' 'Ljava/lang/Object;' @16  "tomcatServletWebServerFactory"{0x00000000c58e2358} (c58e2358)
 - volatile 'val' 'Ljava/lang/Object;' @20  
[error occurred during error reporting (printing register info), id 0xc0000005, EXCEPTION_ACCESS_VIOLATION (0xc0000005) at pc=0x00007ff886ce1483]

Registers:
RAX=0x00000000c59a9b78, RBX=0x00000000241333c7, RCX=0x0000000000000002, RDX=0x00000000c58e2358
RSP=0x00000046f8dfccf0, RBP=0x00000046f8dfd678, RSI=0x00000000241333c7, RDI=0x00000000c530d430
R8 =0x0000000000000000, R9 =0x0000000000000000, R10=0x0000000000000010, R11=0x000000000000001c
R12=0x0000000000000000, R13=0x0000000000000001, R14=0x00000046f8dfd440, R15=0x0000020612cddb00
RIP=0x0000020609fe2d0e, EFLAGS=0x0000000000010246

Top of Stack: (sp=0x00000046f8dfccf0)
0x00000046f8dfccf0:   00000000c7c33484 00000000c33641a0
0x00000046f8dfcd00:   00000046f8dfd678 0000020609a383d4
0x00000046f8dfcd10:   00000000c5994bc8 00000000c5994be0
0x00000046f8dfcd20:   0000000000000000 00000000c58e2358
0x00000046f8dfcd30:   00000046f8dfd678 0000020609a39cc9
0x00000046f8dfcd40:   00000046f8dfd678 0000020609a383d4
0x00000046f8dfcd50:   00000046f8dfd678 000002060a03749c
0x00000046f8dfcd60:   00000046f8dfd678 00000000c7c33050
0x00000046f8dfcd70:   0000004600000010 00000000c7c33068
0x00000046f8dfcd80:   00000000c7c33088 00000000c5932458
0x00000046f8dfcd90:   00000000c58e2358 00000000c7c32fe0
0x00000046f8dfcda0:   0000000000000001 00000000c58e2358
0x00000046f8dfcdb0:   00000000c58e2358 00000000c59a9b78
0x00000046f8dfcdc0:   00000046f8dfd678 0000020609f6a434
0x00000046f8dfcdd0:   00000000c5932550 00000000c58e2358
0x00000046f8dfcde0:   00000000c5932620 00000000241333c7 

Instructions: (pc=0x0000020609fe2d0e)
0x0000020609fe2c0e:   94 24 98 00 00 00 8b 72 10 4c 8b c0 48 8b d6 48
0x0000020609fe2c1e:   89 84 24 b8 00 00 00 48 b8 e0 22 05 00 01 00 00
0x0000020609fe2c2e:   00 e8 4c 57 a5 ff 48 83 f8 00 0f 84 20 00 00 00
0x0000020609fe2c3e:   48 be 58 1b 04 00 01 00 00 00 44 8b 48 08 49 c1
0x0000020609fe2c4e:   e1 03 49 3b f1 0f 85 d0 11 00 00 e9 00 00 00 00
0x0000020609fe2c5e:   4c 8b c0 49 83 f8 00 74 81 eb 8c 4c 8b 84 24 a0
0x0000020609fe2c6e:   00 00 00 49 83 f8 00 48 89 84 24 c0 00 00 00 0f
0x0000020609fe2c7e:   84 3e 00 00 00 49 3b 00 49 8b f0 49 b8 f8 14 4d
0x0000020609fe2c8e:   c3 00 00 00 00 41 b9 00 00 00 00 48 8b d6 66 66
0x0000020609fe2c9e:   90 e8 bc 2c bb ff 83 e0 01 83 f8 00 41 b8 00 00
0x0000020609fe2cae:   00 00 0f 84 06 00 00 00 41 b8 01 00 00 00 e9 06
0x0000020609fe2cbe:   00 00 00 41 b8 00 00 00 00 41 83 e0 01 44 89 84
0x0000020609fe2cce:   24 b4 00 00 00 4c 8b 84 24 c0 00 00 00 41 b9 00
0x0000020609fe2cde:   00 00 00 48 8b 94 24 98 00 00 00 66 0f 1f 44 00
0x0000020609fe2cee:   00 e8 4c 49 f0 ff 48 89 84 24 c8 00 00 00 48 83
0x0000020609fe2cfe:   f8 00 0f 84 22 00 00 00 44 8b 40 08 49 c1 e0 03
0x0000020609fe2d0e:   4d 8b 40 70 4d 8b 00 48 ba b0 e0 b3 c3 00 00 00
0x0000020609fe2d1e:   00 4c 3b c2 0f 85 82 08 00 00 48 8b 94 24 98 00
0x0000020609fe2d2e:   00 00 8b 72 18 4c 8b 84 24 c0 00 00 00 48 8b d6
0x0000020609fe2d3e:   0f 1f 80 00 00 00 00 48 b8 e0 22 05 00 01 00 00
0x0000020609fe2d4e:   00 e8 4c dd e9 ff 83 e0 01 83 f8 00 0f 84 50 00
0x0000020609fe2d5e:   00 00 48 8b 84 24 c0 00 00 00 48 83 f8 00 0f 84
0x0000020609fe2d6e:   2f 10 00 00 48 8b 94 24 98 00 00 00 8b b2 c0 00
0x0000020609fe2d7e:   00 00 4c 8b c0 48 8b d6 48 89 84 24 c0 00 00 00
0x0000020609fe2d8e:   0f 1f 80 00 00 00 00 48 b8 e0 22 05 00 01 00 00
0x0000020609fe2d9e:   00 e8 fc dc e9 ff 83 e0 01 83 f8 00 0f 84 4d 0e
0x0000020609fe2dae:   00 00 48 8b 94 24 98 00 00 00 8b 72 48 48 89 b4
0x0000020609fe2dbe:   24 d0 00 00 00 48 83 fe 00 0f 84 43 00 00 00 48
0x0000020609fe2dce:   8b 84 24 c0 00 00 00 48 83 f8 00 0f 84 3a 0f 00
0x0000020609fe2dde:   00 8b ba c0 00 00 00 4c 8b c0 48 8b d7 48 89 84
0x0000020609fe2dee:   24 c0 00 00 00 66 90 48 b8 ff ff ff ff ff ff ff
0x0000020609fe2dfe:   ff e8 7c a2 98 ff 83 e0 01 83 f8 00 0f 84 96 0d 


Stack slot to memory mapping:
stack at sp + 0 slots: 0x00000000c7c33484 is pointing into object: [Ljava.lang.Class; 
{0x00000000c7c33470} - klass: 'java/lang/Class'[]
 - length: 2
stack at sp + 1 slots: 0x00000000c33641a0 is an oop: jdk.internal.misc.Unsafe 
{0x00000000c33641a0} - klass: 'jdk/internal/misc/Unsafe'
 - ---- fields (total size 2 words):
stack at sp + 2 slots: 0x00000046f8dfd678 is pointing into the stack for thread: 0x0000020612cddb00
stack at sp + 3 slots: 0x0000020609a383d4 is at entry_point+84 in (nmethod*)0x0000020609a38190
stack at sp + 4 slots: 0x00000000c5994bc8 is an oop: org.springframework.core.annotation.AnnotationTypeMappings$Cache 
{0x00000000c5994bc8} - klass: 'org/springframework/core/annotation/AnnotationTypeMappings$Cache'
 - ---- fields (total size 3 words):
 - private final 'repeatableContainers' 'Lorg/springframework/core/annotation/RepeatableContainers;' @12  a 'org/springframework/core/annotation/RepeatableContainers$NoRepeatableContainers'{0x00000000c3888850} (c3888850)
 - private final 'filter' 'Lorg/springframework/core/annotation/AnnotationFilter;' @16  a 'org/springframework/core/annotation/PackagesAnnotationFilter'{0x00000000c38887a0} (c38887a0)
 - private final 'mappings' 'Ljava/util/Map;' @20  a 'org/springframework/util/ConcurrentReferenceHashMap'{0x00000000c5994be0} (c5994be0)
stack at sp + 5 slots: 0x00000000c5994be0 is an oop: org.springframework.util.ConcurrentReferenceHashMap 
{0x00000000c5994be0} - klass: 'org/springframework/util/ConcurrentReferenceHashMap'
 - ---- fields (total size 5 words):
 - transient 'keySet' 'Ljava/util/Set;' @12  NULL (0)
 - transient 'values' 'Ljava/util/Collection;' @16  NULL (0)
 - private final 'loadFactor' 'F' @20  0.750000 (3f400000)
 - private final 'shift' 'I' @24  4
 - private final 'segments' '[Lorg/springframework/util/ConcurrentReferenceHashMap$Segment;' @28  a 'org/springframework/util/ConcurrentReferenceHashMap$Segment'[16] {0x00000000c5994c08} (c5994c08)
 - private final 'referenceType' 'Lorg/springframework/util/ConcurrentReferenceHashMap$ReferenceType;' @32  a 'org/springframework/util/ConcurrentReferenceHashMap$ReferenceType'{0x00000000c3843050} (c3843050)
 - private volatile 'entrySet' 'Ljava/util/Set;' @36  NULL (0)
stack at sp + 6 slots: 0x0 is NULL
stack at sp + 7 slots: 0x00000000c58e2358 is an oop: java.lang.String 
{0x00000000c58e2358} - klass: 'java/lang/String'
 - string: "tomcatServletWebServerFactory"

--------------------------------------------------------------------------------
[Constant Pool (empty)]

--------------------------------------------------------------------------------

[MachCode]
  0x0000020609fe2b80: 448b 5208 | 49c1 e203 | 4c3b d00f | 85ef 9e98 | ff66 6666 | 0f1f 8400 | 0000 0000 | 6666 6690 
  0x0000020609fe2ba0: 8984 2400 | 90ff ff55 | 4881 ec50 | 0100 0048 | 8994 2498 | 0000 004c | 8984 24a0 | 0000 004c 
  0x0000020609fe2bc0: 898c 24a8 | 0000 0089 | bc24 b000 | 0000 498b | d066 0f1f | 4400 00e8 | 0434 f0ff | e92b 0000 
  0x0000020609fe2be0: 000f 1f80 | 0000 0000 | 488b 8424 | b800 0000 | e903 0000 | 0049 8bc0 | 4d8b 9748 | 0300 0041 
  0x0000020609fe2c00: 8502 4983 | f800 0f84 | 5d00 0000 | 488b 9424 | 9800 0000 | 8b72 104c | 8bc0 488b | d648 8984 
  0x0000020609fe2c20: 24b8 0000 | 0048 b8e0 | 2205 0001 | 0000 00e8 | 4c57 a5ff | 4883 f800 | 0f84 2000 | 0000 48be 
  0x0000020609fe2c40: 581b 0400 | 0100 0000 | 448b 4808 | 49c1 e103 | 493b f10f | 85d0 1100 | 00e9 0000 | 0000 4c8b 
  0x0000020609fe2c60: c049 83f8 | 0074 81eb | 8c4c 8b84 | 24a0 0000 | 0049 83f8 | 0048 8984 | 24c0 0000 | 000f 843e 
  0x0000020609fe2c80: 0000 0049 | 3b00 498b | f049 b8f8 | 144d c300 | 0000 0041 | b900 0000 | 0048 8bd6 | 6666 90e8 
  0x0000020609fe2ca0: bc2c bbff | 83e0 0183 | f800 41b8 | 0000 0000 | 0f84 0600 | 0000 41b8 | 0100 0000 | e906 0000 
  0x0000020609fe2cc0: 0041 b800 | 0000 0041 | 83e0 0144 | 8984 24b4 | 0000 004c | 8b84 24c0 | 0000 0041 | b900 0000 
  0x0000020609fe2ce0: 0048 8b94 | 2498 0000 | 0066 0f1f | 4400 00e8 | 4c49 f0ff | 4889 8424 | c800 0000 | 4883 f800 
  0x0000020609fe2d00: 0f84 2200 | 0000 448b | 4008 49c1 | e003 4d8b | 4070 4d8b | 0048 bab0 | e0b3 c300 | 0000 004c 
  0x0000020609fe2d20: 3bc2 0f85 | 8208 0000 | 488b 9424 | 9800 0000 | 8b72 184c | 8b84 24c0 | 0000 0048 | 8bd6 0f1f 
  0x0000020609fe2d40: 8000 0000 | 0048 b8e0 | 2205 0001 | 0000 00e8 | 4cdd e9ff | 83e0 0183 | f800 0f84 | 5000 0000 
  0x0000020609fe2d60: 488b 8424 | c000 0000 | 4883 f800 | 0f84 2f10 | 0000 488b | 9424 9800 | 0000 8bb2 | c000 0000 
  0x0000020609fe2d80: 4c8b c048 | 8bd6 4889 | 8424 c000 | 0000 0f1f | 8000 0000 | 0048 b8e0 | 2205 0001 | 0000 00e8 
  0x0000020609fe2da0: fcdc e9ff | 83e0 0183 | f800 0f84 | 4d0e 0000 | 488b 9424 | 9800 0000 | 8b72 4848 | 89b4 24d0 
  0x0000020609fe2dc0: 0000 0048 | 83fe 000f | 8443 0000 | 0048 8b84 | 24c0 0000 | 0048 83f8 | 000f 843a | 0f00 008b 
  0x0000020609fe2de0: bac0 0000 | 004c 8bc0 | 488b d748 | 8984 24c0 | 0000 0066 | 9048 b8ff | ffff ffff | ffff ffe8 
  0x0000020609fe2e00: 7ca2 98ff | 83e0 0183 | f800 0f84 | 960d 0000 | 4c8b 8424 | c000 0000 | 488b 9424 | 9800 0000 
  0x0000020609fe2e20: 0f1f 8000 | 0000 00e8 | d475 f8ff | 4889 8424 | d800 0000 | 448b 586c | 4c89 9c24 | e000 0000 
  0x0000020609fe2e40: 4c8b 8c24 | a800 0000 | 418b 5920 | 4883 fb00 | 0f84 0800 | 0000 4c8b | c3e9 0a00 | 0000 49b8 
  0x0000020609fe2e60: 688c b0c3 | 0000 0000 | 48bb 688c | b0c3 0000 | 0000 4c3b | c30f 8513 | 0100 00bb | 0100 0000 
  0x0000020609fe2e80: 48ba 9885 | 0500 0100 | 0000 4c8b | e848 63db | 488b fb48 | 81fb ffff | ff00 0f87 | a60f 0000 
  0x0000020609fe2ea0: 48be 1700 | 0000 0000 | 0000 488d | 349e 4883 | e6f8 498b | 8708 0100 | 0048 8d34 | 3049 3bb7 
  0x0000020609fe2ec0: 1801 0000 | 0f87 7c0f | 0000 4989 | b708 0100 | 0048 2bf0 | 48c7 0001 | 0000 0048 | 8bca 48c1 
  0x0000020609fe2ee0: e903 8948 | 0889 580c | 4883 ee10 | 0f84 1a00 | 0000 4885 | f60f 8411 | 0000 0048 | 33db 48c1 
  0x0000020609fe2f00: ee03 4889 | 5cf0 0848 | ffce 75f6 | 4983 f800 | 0f84 4700 | 0000 8b58 | 0848 c1e3 | 0341 8b50 
  0x0000020609fe2f20: 0848 c1e2 | 0348 8b9b | e000 0000 | 483b d30f | 8428 0000 | 008b 7314 | 483b 1c32 | 0f84 1b00 
  0x0000020609fe2f40: 0000 83fe | 200f 850a | 0f00 0052 | 53e8 2eff | a2ff 5a5b | 83fb 000f | 84f8 0e00 | 0048 8d58 
  0x0000020609fe2f60: 1041 0fbe | 5738 83fa | 000f 85ef | 0e00 004d | 8bd0 4489 | 1348 8bd3 | 4933 d048 | c1ea 1448 
  0x0000020609fe2f80: 83fa 000f | 85ef 0e00 | 00e9 9401 | 0000 4c8b | e8bb 0200 | 0000 48ba | 9885 0500 | 0100 0000 
  0x0000020609fe2fa0: 4863 db48 | 8bfb 4881 | fbff ffff | 000f 87dd | 0e00 0048 | be17 0000 | 0000 0000 | 0048 8d34 
  0x0000020609fe2fc0: 9e48 83e6 | f849 8b87 | 0801 0000 | 488d 3430 | 493b b718 | 0100 000f | 87b3 0e00 | 0049 89b7 
  0x0000020609fe2fe0: 0801 0000 | 482b f048 | c700 0100 | 0000 488b | ca48 c1e9 | 0389 4808 | 8958 0c48 | 83ee 100f 
  0x0000020609fe3000: 841a 0000 | 0048 85f6 | 0f84 1100 | 0000 4833 | db48 c1ee | 0348 895c | f008 48ff | ce75 f648 
  0x0000020609fe3020: ba68 8cb0 | c300 0000 | 0048 83fa | 000f 8446 | 0000 008b | 7008 48c1 | e603 8b7a | 0848 c1e7 
  0x0000020609fe3040: 0348 8bb6 | e000 0000 | 483b fe0f | 8428 0000 | 008b 5e14 | 483b 341f | 0f84 1b00 | 0000 83fb 
  0x0000020609fe3060: 200f 8538 | 0e00 0057 | 56e8 12fe | a2ff 5f5e | 83fe 000f | 8426 0e00 | 0048 8d70 | 1041 0fbe 
  0x0000020609fe3080: 7f38 83ff | 000f 851d | 0e00 004c | 8bd2 4489 | 1648 8bfe | 4833 fa48 | c1ef 1448 | 83ff 000f 
  0x0000020609fe30a0: 851d 0e00 | 0049 83f8 | 000f 8447 | 0000 008b | 5008 48c1 | e203 418b | 7008 48c1 | e603 488b 
  0x0000020609fe30c0: 92e0 0000 | 0048 3bf2 | 0f84 2800 | 0000 8b7a | 1448 3b14 | 3e0f 841b | 0000 0083 | ff20 0f85 
  0x0000020609fe30e0: fb0d 0000 | 5652 e895 | fda2 ff5e | 5a83 fa00 | 0f84 e90d | 0000 488d | 5014 410f | be77 3883 
  0x0000020609fe3100: fe00 0f85 | e00d 0000 | 4d8b d044 | 8912 488b | f249 33f0 | 48c1 ee14 | 4883 fe00 | 0f85 e00d 
  0x0000020609fe3120: 0000 448b | 8424 b400 | 0000 4183 | f800 0f84 | 1700 0000 | 48be 0000 | 0000 0000 | 0000 4889 
  0x0000020609fe3140: 8424 e800 | 0000 e96c | 0100 0049 | 83fb 000f | 8517 0000 | 0048 be00 | 0000 0000 | 0000 0048 
  0x0000020609fe3160: 8984 24e8 | 0000 00e9 | 4b01 0000 | 4889 8424 | e800 0000 | 4c8b 8424 | c000 0000 | 4d8b cd48 
  0x0000020609fe3180: 8b94 2498 | 0000 00e8 | f49b 98ff | 83f8 000f | 850f 0000 | 0048 be00 | 0000 0000 | 0000 00e9 
  0x0000020609fe31a0: 1301 0000 | 488b 8424 | d800 0000 | 448b 4030 | 4983 f800 | 0f84 2400 | 0000 450f | be40 0c41 
  0x0000020609fe31c0: 83e0 0141 | 83f8 0041 | b800 0000 | 000f 8406 | 0000 0041 | b801 0000 | 00e9 0600 | 0000 41b8 
  0x0000020609fe31e0: 0000 0000 | 4183 e001 | 4183 f800 | 0f84 1f00 | 0000 8bbc | 24b0 0000 | 0083 ff00 | 0f85 0f00 
  0x0000020609fe3200: 0000 48be | 0000 0000 | 0000 0000 | e9a6 0000 | 004c 8b9c | 24e0 0000 | 0045 8b43 | 1045 8b4b 
  0x0000020609fe3220: 0c48 8bf8 | 488b 9424 | 9800 0000 | 6666 90e8 | 4c9b 98ff | 4c8b 9c24 | e000 0000 | 458b 4310 
  0x0000020609fe3240: 4c8b c848 | 8bbc 24e8 | 0000 0048 | 8b94 2498 | 0000 000f | 1f40 00e8 | 249b 98ff | 4883 f800 
  0x0000020609fe3260: 0f85 0f00 | 0000 48be | 0000 0000 | 0000 0000 | e942 0000 | 0048 ba68 | 8cb0 c300 | 0000 004c 
  0x0000020609fe3280: 8bc0 4889 | 8424 f000 | 0000 0f1f | 4400 00e8 | ec9a 98ff | 83f8 000f | 840f 0000 | 0048 be00 
  0x0000020609fe32a0: 0000 0000 | 0000 00e9 | 0b00 0000 | 488b 8424 | f000 0000 | 488b f048 | 83fe 000f | 8538 0000 
  0x0000020609fe32c0: 0048 8b84 | 24e8 0000 | 004c 8b84 | 24c0 0000 | 004c 8b8c | 24d8 0000 | 0048 8bf8 | 488b 9424 
  0x0000020609fe32e0: 9800 0000 | 6666 90e8 | 74b4 f8ff | 4883 f800 | 0f84 9508 | 0000 488b | f048 ba68 | 8cb0 c300 
  0x0000020609fe3300: 0000 004c | 8bc6 4889 | b424 f800 | 0000 90e8 | a402 beff | 83f8 000f | 848f 0000 | 0048 8b84 
  0x0000020609fe3320: 24c8 0000 | 0048 83f8 | 000f 8417 | 0000 0048 | 8bb4 24f8 | 0000 0048 | bf00 0000 | 0000 0000 
  0x0000020609fe3340: 00e9 1402 | 0000 448b | 8424 b400 | 0000 4183 | f800 0f84 | 1700 0000 | 488b b424 | f800 0000 
  0x0000020609fe3360: 48bf 0000 | 0000 0000 | 0000 e9eb | 0100 004c | 8b84 24c0 | 0000 004c | 8b8c 24d8 | 0000 008b 
  0x0000020609fe3380: bc24 b000 | 0000 488b | 9424 9800 | 0000 90e8 | 0cd0 0100 | 8b58 2048 | 83fb 000f | 84cf 0700 
  0x0000020609fe33a0: 0048 8bf8 | 488b f3e9 | ae01 0000 | 448b 8424 | b400 0000 | 4183 f800 | 0f85 1700 | 0000 488b 
  0x0000020609fe33c0: b424 f800 | 0000 48bf | 0000 0000 | 0000 0000 | e985 0100 | 00bb 0100 | 0000 48ba | 9885 0500 
  0x0000020609fe33e0: 0100 0000 | 4863 db48 | 8bfb 4881 | fbff ffff | 000f 8732 | 0b00 0048 | be17 0000 | 0000 0000 
  0x0000020609fe3400: 0048 8d34 | 9e48 83e6 | f849 8b87 | 0801 0000 | 488d 3430 | 493b b718 | 0100 000f | 8708 0b00 
  0x0000020609fe3420: 0049 89b7 | 0801 0000 | 482b f048 | c700 0100 | 0000 488b | ca48 c1e9 | 0389 4808 | 8958 0c48 
  0x0000020609fe3440: 83ee 100f | 841a 0000 | 0048 85f6 | 0f84 1100 | 0000 4833 | db48 c1ee | 0348 895c | f008 48ff 
  0x0000020609fe3460: ce75 f649 | b868 8cb0 | c300 0000 | 0049 83f8 | 000f 844c | 0000 0044 | 8b48 0849 | c1e1 0341 
  0x0000020609fe3480: 8b78 0848 | c1e7 034d | 8b89 e000 | 0000 493b | f90f 842c | 0000 0041 | 8b51 144c | 3b0c 170f 
  0x0000020609fe34a0: 841e 0000 | 0083 fa20 | 0f85 8a0a | 0000 5741 | 51e8 caf9 | a2ff 5f41 | 5941 83f9 | 000f 8475 
  0x0000020609fe34c0: 0a00 004c | 8d48 1041 | 0fbe 7f38 | 83ff 000f | 856c 0a00 | 004d 8bd0 | 4589 1149 | 8bf9 4933 
  0x0000020609fe34e0: f848 c1ef | 1448 83ff | 000f 856d | 0a00 004c | 8b84 24c0 | 0000 004c | 8b8c 24d8 | 0000 0048 
  0x0000020609fe3500: 8bf8 488b | 9424 9800 | 0000 0f1f | 4400 00e8 | 6c98 98ff | 4883 f800 | 0f84 3706 | 0000 48ba 
  0x0000020609fe3520: 688c b0c3 | 0000 0000 | 4c8b c048 | 8984 2400 | 0100 000f | 1f40 00e8 | 4498 98ff | 83f8 000f 
  0x0000020609fe3540: 8410 0600 | 0048 8b84 | 2400 0100 | 0048 8bf0 | 48bf 0000 | 0000 0000 | 0000 4883 | ff00 0f85 
  0x0000020609fe3560: 3700 0000 | 488b 8424 | d800 0000 | 448b 4074 | 4983 f800 | 0f85 0700 | 0000 448b | 8080 0000 
  0x0000020609fe3580: 0049 83f8 | 000f 8410 | 0000 0041 | 8b50 2048 | 3bd6 0f85 | 0300 0000 | 498b f848 | 83ff 000f 
  0x0000020609fe35a0: 8478 0500 | 00e9 4005 | 0000 448b | 8424 b400 | 0000 4883 | f800 0f84 | 3b00 0000 | 48bb 00b6 
  0x0000020609fe35c0: 2c00 0100 | 0000 8b78 | 0848 c1e7 | 0348 3b5f | 200f 8425 | 0000 0048 | 3bfb 0f84 | 1c00 0000 
  0x0000020609fe35e0: 5753 e899 | f8a2 ff5f | 5f83 ff00 | 0f84 0500 | 0000 e905 | 0000 0048 | 33d2 eb0a | 48ba 0100 
  0x0000020609fe3600: 0000 0000 | 0000 83fa | 000f 848e | 0000 0041 | 83f8 000f | 856a 0000 | 0048 83f8 | 000f 843b 
  0x0000020609fe3620: 0000 0048 | bf00 b62c | 0001 0000 | 008b 7008 | 48c1 e603 | 483b 7e20 | 0f84 2000 | 0000 483b 
  0x0000020609fe3640: f70f 8417 | 0000 0056 | 57e8 32f8 | a2ff 5e5e | 83fe 000f | 8420 0900 | 00e9 0000 | 0000 4c8b 
  0x0000020609fe3660: c048 8b94 | 2498 0000 | 0066 0f1f | 4400 00e8 | acc5 0800 | 4883 f800 | 0f84 4e04 | 0000 e912 
  0x0000020609fe3680: 0400 004c | 8b8c 24a8 | 0000 0049 | 3b01 4883 | f800 0f84 | dc03 0000 | e999 0300 | 004c 8b8c 
  0x0000020609fe36a0: 24a8 0000 | 0041 83f8 | 000f 8551 | 0300 0049 | 3b01 4883 | f800 0f84 | 4000 0000 | 448b 4008 
  0x0000020609fe36c0: 49c1 e003 | 4d8b 4070 | 4d8b 0049 | 8bd1 0f1f | 8000 0000 | 0048 b8ff | ffff ffff | ffff ffe8 
  0x0000020609fe36e0: ac63 a3ff | 83f8 00ba | 0000 0000 | 0f84 0500 | 0000 ba01 | 0000 00e9 | 0500 0000 | ba00 0000 
  0x0000020609fe3700: 0083 e201 | 83fa 000f | 850e 0300 | 0048 8b94 | 24a8 0000 | 0048 b8ff | ffff ffff | ffff ffe8 
  0x0000020609fe3720: 7c59 ddff | 448b 400c | 4183 f800 | 41b8 0000 | 0000 0f8e | 0600 0000 | 41b8 0100 | 0000 4183 
  0x0000020609fe3740: e001 4183 | f800 0f84 | b402 0000 | 488b 8424 | c000 0000 | 4883 f800 | 0f84 3b05 | 0000 488b 
  0x0000020609fe3760: 9424 9800 | 0000 8bb2 | c000 0000 | 4c8b c048 | 8bd6 4889 | 8424 c000 | 0000 6666 | 9048 b8e0 
  0x0000020609fe3780: 2205 0001 | 0000 00e8 | 14d3 e9ff | 83e0 0183 | f800 0f84 | 6802 0000 | 4c8b 8424 | c000 0000 
  0x0000020609fe37a0: 488b 9424 | 9800 0000 | 0f1f 8000 | 0000 00e8 | 4c6c f8ff | 4889 8424 | 1801 0000 | 8b50 7848 
  0x0000020609fe37c0: 83fa 000f | 8408 0000 | 008b 5078 | e91f 0000 | 008b 5074 | 4883 fa00 | 0f84 0800 | 0000 8b52 
  0x0000020609fe37e0: 20e9 0a00 | 0000 48ba | 0000 0000 | 0000 0000 | 4883 fa00 | 0f84 6301 | 0000 488b | b424 c800 
  0x0000020609fe3800: 0000 4883 | fe00 0f84 | 0c04 0000 | 8b7e 0848 | c1e7 0348 | 8b7f 7048 | 8b3f 8b5f | 2c48 83fb 
  0x0000020609fe3820: 000f 8415 | 0000 0048 | 89bc 2408 | 0100 0048 | 8994 2410 | 0100 00e9 | 1b00 0000 | 4889 9424 
  0x0000020609fe3840: 1001 0000 | 488b d748 | 89bc 2408 | 0100 00e8 | 2c95 98ff | 488b d848 | 3b03 49b8 | 781d 89c3 
  0x0000020609fe3860: 0000 0000 | 488b d3e8 | 944d caff | 83f8 00ba | 0000 0000 | 0f8c 0500 | 0000 ba01 | 0000 0083 
  0x0000020609fe3880: e201 83fa | 000f 841b | 0000 0048 | 8b94 2408 | 0100 000f | 1f40 00e8 | e494 98ff | 4883 f800 
  0x0000020609fe38a0: 0f85 0d00 | 0000 488b | bc24 0801 | 0000 e919 | 0000 0048 | 8bbc 2408 | 0100 0048 | b9e8 2d62 
  0x0000020609fe38c0: c300 0000 | 0048 3bc1 | 480f 45f8 | 488b 9424 | 1001 0000 | 483b d70f | 850d 0000 | 0048 8b84 
  0x0000020609fe38e0: 2418 0100 | 00e9 7300 | 0000 4c8b | 8c24 a800 | 0000 418b | 4920 4883 | f900 4889 | 9424 1001 
  0x0000020609fe3900: 0000 0f84 | 2100 0000 | 483b 0148 | 8b94 24c8 | 0000 0049 | ba40 7680 | 86f8 7f00 | 0041 ffd2 
  0x0000020609fe3920: 83f8 000f | 84bc 0000 | 004c 8b84 | 2410 0100 | 0048 8b94 | 24a8 0000 | 000f 1f40 | 0048 b8ff 
  0x0000020609fe3940: ffff ffff | ffff ffe8 | 3497 98ff | 83f8 000f | 8575 0000 | 0048 8b84 | 2418 0100 | 0044 8b40 
  0x0000020609fe3960: 7449 83f8 | 000f 8507 | 0000 0044 | 8b80 8000 | 0000 4983 | f800 0f84 | 3000 0000 | 488b 9424 
  0x0000020609fe3980: a800 0000 | 9048 b8ff | ffff ffff | ffff ffe8 | ec96 98ff | 83f8 00b8 | 0000 0000 | 0f84 0500 
  0x0000020609fe39a0: 0000 b801 | 0000 00e9 | 0500 0000 | b800 0000 | 0083 e001 | 4881 c450 | 0100 005d | 493b a740 
  0x0000020609fe39c0: 0300 000f | 87e1 0500 | 00c3 b801 | 0000 0048 | 81c4 5001 | 0000 5d49 | 3ba7 4003 | 0000 0f87 
  0x0000020609fe39e0: dc05 0000 | c3b8 0000 | 0000 4881 | c450 0100 | 005d 493b | a740 0300 | 000f 87d7 | 0500 00c3 
  0x0000020609fe3a00: b800 0000 | 0048 81c4 | 5001 0000 | 5d49 3ba7 | 4003 0000 | 0f87 d205 | 0000 c3b8 | 0100 0000 
  0x0000020609fe3a20: 4881 c450 | 0100 005d | 493b a740 | 0300 000f | 87cd 0500 | 00c3 448b | 4008 49c1 | e003 4d8b 
  0x0000020609fe3a40: 4070 4d8b | 0048 8b94 | 24a8 0000 | 0048 b8ff | ffff ffff | ffff ffe8 | 3460 a3ff | 83f8 00b8 
  0x0000020609fe3a60: 0000 0000 | 0f84 0500 | 0000 b801 | 0000 00e9 | 0500 0000 | b800 0000 | 0083 e001 | 83e0 0148 
  0x0000020609fe3a80: 81c4 5001 | 0000 5d49 | 3ba7 4003 | 0000 0f87 | 8405 0000 | c34c 8bc0 | 488b 9424 | a800 0000 
  0x0000020609fe3aa0: 0f1f 4400 | 0048 b8ff | ffff ffff | ffff ffe8 | dc5f a3ff | 83f8 00b8 | 0000 0000 | 0f84 0500 
  0x0000020609fe3ac0: 0000 b801 | 0000 00e9 | 0500 0000 | b800 0000 | 0083 e001 | 4881 c450 | 0100 005d | 493b a740 
  0x0000020609fe3ae0: 0300 000f | 8745 0500 | 00c3 4c8b | c748 8b94 | 24a8 0000 | 0048 b8ff | ffff ffff | ffff ffe8 
  0x0000020609fe3b00: 145f a3ff | 83e0 0148 | 81c4 5001 | 0000 5d49 | 3ba7 4003 | 0000 0f87 | 2805 0000 | c34c 8bc6 
  0x0000020609fe3b20: 488b 9424 | a800 0000 | 0f1f 4400 | 0048 b8ff | ffff ffff | ffff ffe8 | 545f a3ff | 83e0 0148 
  0x0000020609fe3b40: 81c4 5001 | 0000 5d49 | 3ba7 4003 | 0000 0f87 | 0605 0000 | c3b8 0000 | 0000 4881 | c450 0100 
  0x0000020609fe3b60: 005d 493b | a740 0300 | 000f 8701 | 0500 00c3 | b800 0000 | 0048 81c4 | 5001 0000 | 5d49 3ba7 
  0x0000020609fe3b80: 4003 0000 | 0f87 fc04 | 0000 c3b8 | 0000 0000 | 4881 c450 | 0100 005d | 493b a740 | 0300 000f 
  0x0000020609fe3ba0: 87f7 0400 | 00c3 4c8b | 8424 a000 | 0000 488b | 9424 9800 | 0000 90e8 | c491 98ff | 4c8b c04c 
  0x0000020609fe3bc0: 8b8c 24a8 | 0000 0048 | 8b94 24d0 | 0000 0066 | 0f1f 4400 | 0048 b8ff | ffff ffff | ffff ffe8 
  0x0000020609fe3be0: 9c94 98ff | 83e0 0148 | 81c4 5001 | 0000 5d49 | 3ba7 4003 | 0000 0f87 | b604 0000 | c3b8 0000 
  0x0000020609fe3c00: 0000 4881 | c450 0100 | 005d 493b | a740 0300 | 000f 87b1 | 0400 00c3 | 4889 9424 | 1001 0000 
  0x0000020609fe3c20: 48ba d8ee | 0600 0100 | 0000 498b | 8708 0100 | 0048 8d78 | 2849 3bbf | 1801 0000 | 0f87 9c04 
  0x0000020609fe3c40: 0000 4989 | bf08 0100 | 0048 c700 | 0100 0000 | 488b ca48 | c1e9 0389 | 4808 4833 | c989 480c 
  0x0000020609fe3c60: 4833 c948 | 8948 1048 | 8948 1848 | 8948 2049 | b8f0 b6b3 | c300 0000 | 0048 8bd0 | 4889 8424 
  0x0000020609fe3c80: 2001 0000 | 6666 90e8 | f490 98ff | 488b 8424 | 2001 0000 | e998 0400 | 0048 8984 | 24c0 0000 
  0x0000020609fe3ca0: 0048 bad8 | ee06 0001 | 0000 0049 | 8b87 0801 | 0000 488d | 7828 493b | bf18 0100 | 000f 8728 
  0x0000020609fe3cc0: 0400 0049 | 89bf 0801 | 0000 48c7 | 0001 0000 | 0048 8bca | 48c1 e903 | 8948 0848 | 33c9 8948 
  0x0000020609fe3ce0: 0c48 33c9 | 4889 4810 | 4889 4818 | 4889 4820 | 49b8 d838 | 91c3 0000 | 0000 488b | d048 8984 
  0x0000020609fe3d00: 2428 0100 | 0066 90e8 | 7490 98ff | 488b 8424 | 2801 0000 | e918 0400 | 0048 8984 | 24c0 0000 
  0x0000020609fe3d20: 0048 bad8 | ee06 0001 | 0000 0049 | 8b87 0801 | 0000 488d | 7828 493b | bf18 0100 | 000f 87b5 
  0x0000020609fe3d40: 0300 0049 | 89bf 0801 | 0000 48c7 | 0001 0000 | 0048 8bca | 48c1 e903 | 8948 0848 | 33c9 8948 
  0x0000020609fe3d60: 0c48 33c9 | 4889 4810 | 4889 4818 | 4889 4820 | 48ba d838 | 91c3 0000 | 0000 4c8b | c248 8bd0 
  0x0000020609fe3d80: 4889 8424 | 3001 0000 | 0f1f 8000 | 0000 00e8 | ec8f 98ff | 488b 8424 | 3001 0000 | e990 0300 
  0x0000020609fe3da0: 0048 8984 | 24c0 0000 | 0048 bad8 | ee06 0001 | 0000 0049 | 8b87 0801 | 0000 488d | 7828 493b 
  0x0000020609fe3dc0: bf18 0100 | 000f 873a | 0300 0049 | 89bf 0801 | 0000 48c7 | 0001 0000 | 0048 8bca | 48c1 e903 
  0x0000020609fe3de0: 8948 0848 | 33c9 8948 | 0c48 33c9 | 4889 4810 | 4889 4818 | 4889 4820 | 48ba d838 | 91c3 0000 
  0x0000020609fe3e00: 0000 4c8b | c248 8bd0 | 4889 8424 | 3801 0000 | 0f1f 8000 | 0000 00e8 | 648f 98ff | 488b 8424 
  0x0000020609fe3e20: 3801 0000 | e908 0300 | 0048 8904 | 24e8 6eea | a2ff e869 | c6a2 ffe8 | 64c6 a2ff | e85f c6a2 
  0x0000020609fe3e40: ffe8 5ac6 | a2ff e835 | d8a2 ffe9 | bcf0 ffff | e84b c6a2 | ff4c 8904 | 24e8 42e7 | a2ff 8b13 
  0x0000020609fe3e60: 4883 fa00 | 0f84 05f1 | ffff 4889 | 1424 e80d | 1da3 ffe9 | f7f0 ffff | 4983 f800 | 0f84 07f1 
  0x0000020609fe3e80: ffff 4889 | 1c24 e8f5 | 1fa3 ffe9 | f9f0 ffff | e8eb d7a2 | ffe9 85f1 | ffff e801 | c6a2 ff48 
  0x0000020609fe3ea0: 8914 24e8 | f8e6 a2ff | 8b3e 4883 | ff00 0f84 | d7f1 ffff | 4889 3c24 | e8c3 1ca3 | ffe9 c9f1 
  0x0000020609fe3ec0: ffff 4883 | fa00 0f84 | d9f1 ffff | 4889 3424 | e8ab 1fa3 | ffe9 cbf1 | ffff e8c1 | c5a2 ff4c 
  0x0000020609fe3ee0: 8904 24e8 | b8e6 a2ff | 8b32 4883 | fe00 0f84 | 14f2 ffff | 4889 3424 | e883 1ca3 | ffe9 06f2 
  0x0000020609fe3f00: ffff 4983 | f800 0f84 | 16f2 ffff | 4889 1424 | e86b 1fa3 | ffe9 08f2 | ffff e881 | c5a2 ffe8 
  0x0000020609fe3f20: 7cc5 a2ff | e877 c5a2 | ffe8 52d7 | a2ff e930 | f5ff ffe8 | 68c5 a2ff | 4c89 0424 | e85f e6a2 
  0x0000020609fe3f40: ff41 8b39 | 4883 ff00 | 0f84 87f5 | ffff 4889 | 3c24 e829 | 1ca3 ffe9 | 79f5 ffff | 4983 f800 
  0x0000020609fe3f60: 0f84 89f5 | ffff 4c89 | 0c24 e811 | 1fa3 ffe9 | 7bf5 ffff | e827 c5a2 | ff48 8904 | 24e8 1ee9 
  0x0000020609fe3f80: a2ff e819 | c5a2 ffe8 | 14c5 a2ff | e80f c5a2 | ffe8 0ac5 | a2ff e805 | c5a2 ffe8 | 00c5 a2ff 
  0x0000020609fe3fa0: e8fb c4a2 | ffe8 f6c4 | a2ff 49ba | bc39 fe09 | 0602 0000 | 4d89 9758 | 0300 00e9 | c0ef 98ff 
  0x0000020609fe3fc0: 49ba d739 | fe09 0602 | 0000 4d89 | 9758 0300 | 00e9 aaef | 98ff 49ba | f239 fe09 | 0602 0000 
  0x0000020609fe3fe0: 4d89 9758 | 0300 00e9 | 94ef 98ff | 49ba 0d3a | fe09 0602 | 0000 4d89 | 9758 0300 | 00e9 7eef 
  0x0000020609fe4000: 98ff 49ba | 283a fe09 | 0602 0000 | 4d89 9758 | 0300 00e9 | 68ef 98ff | 49ba 873a | fe09 0602 
  0x0000020609fe4020: 0000 4d89 | 9758 0300 | 00e9 52ef | 98ff 49ba | dc3a fe09 | 0602 0000 | 4d89 9758 | 0300 00e9 
  0x0000020609fe4040: 3cef 98ff | 49ba 0f3b | fe09 0602 | 0000 4d89 | 9758 0300 | 00e9 26ef | 98ff 49ba | 473b fe09 
  0x0000020609fe4060: 0602 0000 | 4d89 9758 | 0300 00e9 | 10ef 98ff | 49ba 623b | fe09 0602 | 0000 4d89 | 9758 0300 
  0x0000020609fe4080: 00e9 faee | 98ff 49ba | 7d3b fe09 | 0602 0000 | 4d89 9758 | 0300 00e9 | e4ee 98ff | 49ba 983b 
  0x0000020609fe40a0: fe09 0602 | 0000 4d89 | 9758 0300 | 00e9 ceee | 98ff 49ba | ef3b fe09 | 0602 0000 | 4d89 9758 
  0x0000020609fe40c0: 0300 00e9 | b8ee 98ff | 49ba 0a3c | fe09 0602 | 0000 4d89 | 9758 0300 | 00e9 a2ee | 98ff 488b 
  0x0000020609fe40e0: d2e8 9acc | a2ff e984 | fbff ff48 | 8bd2 e88d | cca2 ffe9 | f8fb ffff | 488b d2e8 | 80cc a2ff 
  0x0000020609fe4100: e96b fcff | ff48 8bd2 | e873 cca2 | ffe9 e6fc | ffff 9090 | 498b 87d0 | 0300 0049 | c787 d003 
  0x0000020609fe4120: 0000 0000 | 0000 49c7 | 87d8 0300 | 0000 0000 | 0048 81c4 | 5001 0000 | 5de9 42b4 | a2ff f4f4 
  0x0000020609fe4140: 0f1f 4400 | 0048 bb00 | 0000 0000 | 0000 00e9 | fbff ffff | 9048 bb00 | 0000 0000 | 0000 00e9 
  0x0000020609fe4160: fbff ffff | 9048 bb00 | 0000 0000 | 0000 00e9 | fbff ffff | 9048 bb00 | 0000 0000 | 0000 00e9 
  0x0000020609fe4180: fbff ffff | 9048 bb00 | 0000 0000 | 0000 00e9 | fbff ffff | 9048 bb00 | 0000 0000 | 0000 00e9 
  0x0000020609fe41a0: fbff ffff | 9048 bb00 | 0000 0000 | 0000 00e9 | fbff ffff | 9048 bb00 | 0000 0000 | 0000 00e9 
  0x0000020609fe41c0: fbff ffff | 9048 bb00 | 0000 0000 | 0000 00e9 | fbff ffff | 9048 bb00 | 0000 0000 | 0000 00e9 
  0x0000020609fe41e0: fbff ffff | 9048 bb00 | 0000 0000 | 0000 00e9 | fbff ffff | 9048 bb00 | 0000 0000 | 0000 00e9 
  0x0000020609fe4200: fbff ffff | 9048 bb00 | 0000 0000 | 0000 00e9 | fbff ffff | 9048 bb00 | 0000 0000 | 0000 00e9 
  0x0000020609fe4220: fbff ffff | 9048 bb48 | 30db 1406 | 0200 00e9 | 271b 96ff | 9048 bb00 | 0000 0000 | 0000 00e9 
  0x0000020609fe4240: fbff ffff | 9048 bb00 | 0000 0000 | 0000 00e9 | fbff ffff | 9048 bbc0 | 3edc 1406 | 0200 00e9 
  0x0000020609fe4260: f0dd 98ff | 9048 bb00 | 0000 0000 | 0000 00e9 | fbff ffff | 9048 bb00 | 0000 0000 | 0000 00e9 
  0x0000020609fe4280: fbff ffff | 9048 bb00 | 0000 0000 | 0000 00e9 | fbff ffff | 9048 bb00 | 0000 0000 | 0000 00e9 
  0x0000020609fe42a0: fbff ffff | 9048 bb00 | 0000 0000 | 0000 00e9 | fbff ffff | 9048 bb00 | 0000 0000 | 0000 00e9 
  0x0000020609fe42c0: fbff ffff | 9048 bb00 | 0000 0000 | 0000 00e9 | fbff ffff | 9048 bb00 | 0000 0000 | 0000 00e9 
  0x0000020609fe42e0: fbff ffff | 9048 bb00 | 0000 0000 | 0000 00e9 | fbff ffff | 9048 bb00 | 0000 0000 | 0000 00e9 
  0x0000020609fe4300: fbff ffff | 9048 bb00 | 0000 0000 | 0000 00e9 | fbff ffff | 9048 bb00 | 0000 0000 | 0000 00e9 
  0x0000020609fe4320: fbff ffff | 9048 bb00 | 0000 0000 | 0000 00e9 | fbff ffff | 9048 bb00 | 0000 0000 | 0000 00e9 
  0x0000020609fe4340: fbff ffff | 9048 bb00 | 0000 0000 | 0000 00e9 | fbff ffff | 9048 bb00 | 0000 0000 | 0000 00e9 
  0x0000020609fe4360: fbff ffff | 9048 bb00 | 0000 0000 | 0000 00e9 | fbff ffff | 9048 bb00 | 0000 0000 | 0000 00e9 
  0x0000020609fe4380: fbff ffff | 9048 bb00 | 0000 0000 | 0000 00e9 | fbff ffff | e8e7 dea2 | ff48 b918 | 3cfa 86f8 
  0x0000020609fe43a0: 7f00 0048 | 83e4 f049 | ba70 95c2 | 86f8 7f00 | 0041 ffd2 | f449 bab5 | 43fe 0906 | 0200 0041 
  0x0000020609fe43c0: 52e9 dae4 | 98ff f4f4 
[/MachCode]
--------------------------------------------------------------------------------


---------------  P R O C E S S  ---------------

Threads class SMR info:
_java_thread_list=0x00000206170faba0, length=30, elements={
0x000002061175f260, 0x0000020611762270, 0x00000206117907a0, 0x0000020611791260,
0x0000020611794970, 0x00000206117a2750, 0x00000206117a44e0, 0x00000206117a4de0,
0x0000020612179020, 0x000002061225aee0, 0x0000020612848240, 0x0000020612843990,
0x0000020612843e60, 0x0000020612c69db0, 0x0000020612cdee40, 0x0000020612cdc7c0,
0x0000020612cdd630, 0x0000020617000d90, 0x00000206170025a0, 0x0000020617007770,
0x0000020612cddfd0, 0x0000020612cdd160, 0x0000020612cddb00, 0x0000020612cdcc90,
0x0000020612cde4a0, 0x0000020612cde970, 0x0000020612cdf310, 0x000002061277f2e0,
0x00000206173b8770, 0x0000020612cdfcb0
}

Java Threads: ( => current thread )
  0x000002061175f260 JavaThread "Reference Handler" daemon [_thread_blocked, id=8844, stack(0x00000046f7600000,0x00000046f7700000)]
  0x0000020611762270 JavaThread "Finalizer" daemon [_thread_blocked, id=4980, stack(0x00000046f7700000,0x00000046f7800000)]
  0x00000206117907a0 JavaThread "Signal Dispatcher" daemon [_thread_blocked, id=11256, stack(0x00000046f7800000,0x00000046f7900000)]
  0x0000020611791260 JavaThread "Attach Listener" daemon [_thread_blocked, id=10004, stack(0x00000046f7900000,0x00000046f7a00000)]
  0x0000020611794970 JavaThread "Service Thread" daemon [_thread_blocked, id=9636, stack(0x00000046f7a00000,0x00000046f7b00000)]
  0x00000206117a2750 JavaThread "Monitor Deflation Thread" daemon [_thread_blocked, id=8460, stack(0x00000046f7b00000,0x00000046f7c00000)]
  0x00000206117a44e0 JavaThread "C1 CompilerThread0" daemon [_thread_blocked, id=7792, stack(0x00000046f7c00000,0x00000046f7d00000)]
  0x00000206117a4de0 JavaThread "Sweeper thread" daemon [_thread_blocked, id=9732, stack(0x00000046f7d00000,0x00000046f7e00000)]
  0x0000020612179020 JavaThread "Common-Cleaner" daemon [_thread_blocked, id=7320, stack(0x00000046f7e00000,0x00000046f7f00000)]
  0x000002061225aee0 JavaThread "Notification Thread" daemon [_thread_blocked, id=2380, stack(0x00000046f8000000,0x00000046f8100000)]
  0x0000020612848240 JavaThread "RMI TCP Accept-0" daemon [_thread_in_native, id=4912, stack(0x00000046f8300000,0x00000046f8400000)]
  0x0000020612843990 JavaThread "RMI TCP Accept-51904" daemon [_thread_in_native, id=7668, stack(0x00000046f8400000,0x00000046f8500000)]
  0x0000020612843e60 JavaThread "RMI TCP Accept-0" daemon [_thread_in_native, id=10348, stack(0x00000046f8500000,0x00000046f8600000)]
  0x0000020612c69db0 JavaThread "RMI Scheduler(0)" daemon [_thread_blocked, id=8960, stack(0x00000046f8f00000,0x00000046f9000000)]
  0x0000020612cdee40 JavaThread "JMX server connection timeout 24" daemon [_thread_blocked, id=868, stack(0x00000046f9100000,0x00000046f9200000)]
  0x0000020612cdc7c0 JavaThread "Abandoned connection cleanup thread" daemon [_thread_blocked, id=7588, stack(0x00000046f9500000,0x00000046f9600000)]
  0x0000020612cdd630 JavaThread "Live Reload Server" daemon [_thread_in_native, id=7412, stack(0x00000046f9b00000,0x00000046f9c00000)]
  0x0000020617000d90 JavaThread "DestroyJavaVM" [_thread_blocked, id=1020, stack(0x00000046f6f00000,0x00000046f7000000)]
  0x00000206170025a0 JavaThread "File Watcher" daemon [_thread_in_native, id=4928, stack(0x00000046f7f00000,0x00000046f8000000)]
  0x0000020617007770 JavaThread "File Watcher" daemon [_thread_blocked, id=9528, stack(0x00000046f8c00000,0x00000046f8d00000)]
  0x0000020612cddfd0 JavaThread "RMI TCP Connection(42)-127.0.0.1" daemon [_thread_in_native, id=2660, stack(0x00000046f8100000,0x00000046f8200000)]
  0x0000020612cdd160 JavaThread "Thread-18" [_thread_blocked, id=10724, stack(0x00000046f6d00000,0x00000046f6e00000)]
=>0x0000020612cddb00 JavaThread "restartedMain" [_thread_in_Java, id=11972, stack(0x00000046f8d00000,0x00000046f8e00000)]
  0x0000020612cdcc90 JavaThread "Catalina-utility-1" [_thread_blocked, id=10844, stack(0x00000046f8200000,0x00000046f8300000)]
  0x0000020612cde4a0 JavaThread "Catalina-utility-2" [_thread_blocked, id=11328, stack(0x00000046f8e00000,0x00000046f8f00000)]
  0x0000020612cde970 JavaThread "container-2" [_thread_blocked, id=8720, stack(0x00000046f9000000,0x00000046f9100000)]
  0x0000020612cdf310 JavaThread "HikariPool-7 housekeeper" daemon [_thread_blocked, id=11460, stack(0x00000046f9200000,0x00000046f9300000)]
  0x000002061277f2e0 JavaThread "C1 CompilerThread1" daemon [_thread_blocked, id=11748, stack(0x00000046f9300000,0x00000046f9400000)]
  0x00000206173b8770 JavaThread "C1 CompilerThread2" daemon [_thread_blocked, id=9240, stack(0x00000046f9400000,0x00000046f9500000)]
  0x0000020612cdfcb0 JavaThread "HikariPool-7 connection adder" daemon [_thread_blocked, id=12128, stack(0x00000046f9600000,0x00000046f9700000)]

Other Threads:
  0x000002061174ab00 VMThread "VM Thread" [stack: 0x00000046f7500000,0x00000046f7600000] [id=1320]
  0x0000020604a4aea0 WatcherThread [stack: 0x00000046f8600000,0x00000046f8700000] [id=9024]
  0x0000020604a783d0 GCTaskThread "GC Thread#0" [stack: 0x00000046f7000000,0x00000046f7100000] [id=7700]
  0x0000020604a4b130 GCTaskThread "GC Thread#1" [stack: 0x00000046f8700000,0x00000046f8800000] [id=9088]
  0x00000206129fbb30 GCTaskThread "GC Thread#2" [stack: 0x00000046f8800000,0x00000046f8900000] [id=4196]
  0x00000206129ffdf0 GCTaskThread "GC Thread#3" [stack: 0x00000046f8900000,0x00000046f8a00000] [id=7080]
  0x0000020604a81380 ConcurrentGCThread "G1 Main Marker" [stack: 0x00000046f7100000,0x00000046f7200000] [id=7776]
  0x0000020604a81ca0 ConcurrentGCThread "G1 Conc#0" [stack: 0x00000046f7200000,0x00000046f7300000] [id=10964]
  0x0000020604ac2890 ConcurrentGCThread "G1 Refine#0" [stack: 0x00000046f7300000,0x00000046f7400000] [id=6692]
  0x00000206129d8910 ConcurrentGCThread "G1 Refine#1" [stack: 0x00000046f8a00000,0x00000046f8b00000] [id=948]
  0x00000206129f2240 ConcurrentGCThread "G1 Refine#2" [stack: 0x00000046f8b00000,0x00000046f8c00000] [id=3188]
  0x0000020604ac31c0 ConcurrentGCThread "G1 Service" [stack: 0x00000046f7400000,0x00000046f7500000] [id=10984]

Threads with active compile tasks:

VM state: not at safepoint (normal execution)

VM Mutex/Monitor currently owned by a thread: None

Heap address: 0x00000000c3200000, size: 974 MB, Compressed Oops mode: 32-bit

CDS archive(s) not mapped
Compressed class space mapped at: 0x0000000100000000-0x0000000140000000, reserved size: 1073741824
Narrow klass base: 0x0000000000000000, Narrow klass shift: 3, Narrow klass range: 0x140000000

GC Precious Log:
 CPUs: 4 total, 4 available
 Memory: 3894M
 Large Page Support: Disabled
 NUMA Support: Disabled
 Compressed Oops: Enabled (32-bit)
 Heap Region Size: 1M
 Heap Min Capacity: 8M
 Heap Initial Capacity: 62M
 Heap Max Capacity: 974M
 Pre-touch: Disabled
 Parallel Workers: 4
 Concurrent Workers: 1
 Concurrent Refinement Workers: 4
 Periodic GC: Disabled

Heap:
 garbage-first heap   total 81920K, used 30862K [0x00000000c3200000, 0x0000000100000000)
  region size 1024K, 10 young (10240K), 4 survivors (4096K)
 Metaspace       used 67470K, committed 68032K, reserved 1114112K
  class space    used 9059K, committed 9344K, reserved 1048576K

Heap Regions: E=young(eden), S=young(survivor), O=old, HS=humongous(starts), HC=humongous(continues), CS=collection set, F=free, OA=open archive, CA=closed archive, TAMS=top-at-mark-start (previous, next)
|   0|0x00000000c3200000, 0x00000000c3300000, 0x00000000c3300000|100%|HS|  |TAMS 0x00000000c3300000, 0x00000000c3200000| Untracked 
|   1|0x00000000c3300000, 0x00000000c33ffff0, 0x00000000c3400000| 99%| O|  |TAMS 0x00000000c33ffff0, 0x00000000c3300000| Untracked 
|   2|0x00000000c3400000, 0x00000000c34ffff8, 0x00000000c3500000| 99%| O|  |TAMS 0x00000000c34ffff8, 0x00000000c3400000| Untracked 
|   3|0x00000000c3500000, 0x00000000c35ffff8, 0x00000000c3600000| 99%| O|  |TAMS 0x00000000c35ffff8, 0x00000000c3500000| Untracked 
|   4|0x00000000c3600000, 0x00000000c36fffd8, 0x00000000c3700000| 99%| O|  |TAMS 0x00000000c36fffd8, 0x00000000c3600000| Untracked 
|   5|0x00000000c3700000, 0x00000000c3800000, 0x00000000c3800000|100%| O|  |TAMS 0x00000000c3800000, 0x00000000c3700000| Untracked 
|   6|0x00000000c3800000, 0x00000000c38ffff8, 0x00000000c3900000| 99%| O|  |TAMS 0x00000000c38ffff8, 0x00000000c3800000| Untracked 
|   7|0x00000000c3900000, 0x00000000c39ffff0, 0x00000000c3a00000| 99%| O|  |TAMS 0x00000000c39ffff0, 0x00000000c3900000| Untracked 
|   8|0x00000000c3a00000, 0x00000000c3affff0, 0x00000000c3b00000| 99%| O|  |TAMS 0x00000000c3affff0, 0x00000000c3a00000| Untracked 
|   9|0x00000000c3b00000, 0x00000000c3bfffe0, 0x00000000c3c00000| 99%| O|  |TAMS 0x00000000c3bfffe0, 0x00000000c3b00000| Untracked 
|  10|0x00000000c3c00000, 0x00000000c3cfffe8, 0x00000000c3d00000| 99%| O|  |TAMS 0x00000000c3cfffe8, 0x00000000c3c00000| Untracked 
|  11|0x00000000c3d00000, 0x00000000c3dfffb8, 0x00000000c3e00000| 99%| O|  |TAMS 0x00000000c3dfffb8, 0x00000000c3d00000| Untracked 
|  12|0x00000000c3e00000, 0x00000000c3f00000, 0x00000000c3f00000|100%| O|  |TAMS 0x00000000c3f00000, 0x00000000c3e00000| Untracked 
|  13|0x00000000c3f00000, 0x00000000c3ffa980, 0x00000000c4000000| 97%| O|  |TAMS 0x00000000c3ffa980, 0x00000000c3f00000| Untracked 
|  14|0x00000000c4000000, 0x00000000c40fffe0, 0x00000000c4100000| 99%| O|  |TAMS 0x00000000c40fffe0, 0x00000000c4000000| Untracked 
|  15|0x00000000c4100000, 0x00000000c41fffb8, 0x00000000c4200000| 99%| O|  |TAMS 0x00000000c4100000, 0x00000000c4100000| Untracked 
|  16|0x00000000c4200000, 0x00000000c42ffe90, 0x00000000c4300000| 99%| O|  |TAMS 0x00000000c4200000, 0x00000000c4200000| Untracked 
|  17|0x00000000c4300000, 0x00000000c43ffff8, 0x00000000c4400000| 99%| O|  |TAMS 0x00000000c4300000, 0x00000000c4300000| Untracked 
|  18|0x00000000c4400000, 0x00000000c44fffb0, 0x00000000c4500000| 99%| O|  |TAMS 0x00000000c4400000, 0x00000000c4400000| Untracked 
|  19|0x00000000c4500000, 0x00000000c45dedc8, 0x00000000c4600000| 87%| O|  |TAMS 0x00000000c4500000, 0x00000000c4500000| Untracked 
|  20|0x00000000c4600000, 0x00000000c46dcb80, 0x00000000c4700000| 86%| O|  |TAMS 0x00000000c4600000, 0x00000000c4600000| Untracked 
|  21|0x00000000c4700000, 0x00000000c4700000, 0x00000000c4800000|  0%| F|  |TAMS 0x00000000c4700000, 0x00000000c4700000| Untracked 
|  22|0x00000000c4800000, 0x00000000c48ffff8, 0x00000000c4900000| 99%| O|  |TAMS 0x00000000c4800000, 0x00000000c4800000| Untracked 
|  23|0x00000000c4900000, 0x00000000c492b0e0, 0x00000000c4a00000| 16%| O|  |TAMS 0x00000000c4900000, 0x00000000c4900000| Untracked 
|  24|0x00000000c4a00000, 0x00000000c4a00000, 0x00000000c4b00000|  0%| F|  |TAMS 0x00000000c4a00000, 0x00000000c4a00000| Untracked 
|  25|0x00000000c4b00000, 0x00000000c4b1d418, 0x00000000c4c00000| 11%| O|  |TAMS 0x00000000c4b00000, 0x00000000c4b00000| Untracked 
|  26|0x00000000c4c00000, 0x00000000c4c00000, 0x00000000c4d00000|  0%| F|  |TAMS 0x00000000c4c00000, 0x00000000c4c00000| Untracked 
|  27|0x00000000c4d00000, 0x00000000c4d00000, 0x00000000c4e00000|  0%| F|  |TAMS 0x00000000c4d00000, 0x00000000c4d00000| Untracked 
|  28|0x00000000c4e00000, 0x00000000c4e00000, 0x00000000c4f00000|  0%| F|  |TAMS 0x00000000c4e00000, 0x00000000c4e00000| Untracked 
|  29|0x00000000c4f00000, 0x00000000c4f00000, 0x00000000c5000000|  0%| F|  |TAMS 0x00000000c4f00000, 0x00000000c4f00000| Untracked 
|  30|0x00000000c5000000, 0x00000000c5000000, 0x00000000c5100000|  0%| F|  |TAMS 0x00000000c5000000, 0x00000000c5000000| Untracked 
|  31|0x00000000c5100000, 0x00000000c5100000, 0x00000000c5200000|  0%| F|  |TAMS 0x00000000c5100000, 0x00000000c5100000| Untracked 
|  32|0x00000000c5200000, 0x00000000c5200000, 0x00000000c5300000|  0%| F|  |TAMS 0x00000000c5200000, 0x00000000c5200000| Untracked 
|  33|0x00000000c5300000, 0x00000000c5325708, 0x00000000c5400000| 14%| S|CS|TAMS 0x00000000c5300000, 0x00000000c5300000| Complete 
|  34|0x00000000c5400000, 0x00000000c5400000, 0x00000000c5500000|  0%| F|  |TAMS 0x00000000c5400000, 0x00000000c5400000| Untracked 
|  35|0x00000000c5500000, 0x00000000c5500000, 0x00000000c5600000|  0%| F|  |TAMS 0x00000000c5500000, 0x00000000c5500000| Untracked 
|  36|0x00000000c5600000, 0x00000000c5600000, 0x00000000c5700000|  0%| F|  |TAMS 0x00000000c5600000, 0x00000000c5600000| Untracked 
|  37|0x00000000c5700000, 0x00000000c5800000, 0x00000000c5800000|100%| S|CS|TAMS 0x00000000c5700000, 0x00000000c5700000| Complete 
|  38|0x00000000c5800000, 0x00000000c5900000, 0x00000000c5900000|100%| S|CS|TAMS 0x00000000c5800000, 0x00000000c5800000| Complete 
|  39|0x00000000c5900000, 0x00000000c5a00000, 0x00000000c5a00000|100%| S|CS|TAMS 0x00000000c5900000, 0x00000000c5900000| Complete 
|  40|0x00000000c5a00000, 0x00000000c5a00000, 0x00000000c5b00000|  0%| F|  |TAMS 0x00000000c5a00000, 0x00000000c5a00000| Untracked 
|  41|0x00000000c5b00000, 0x00000000c5b00000, 0x00000000c5c00000|  0%| F|  |TAMS 0x00000000c5b00000, 0x00000000c5b00000| Untracked 
|  42|0x00000000c5c00000, 0x00000000c5c00000, 0x00000000c5d00000|  0%| F|  |TAMS 0x00000000c5c00000, 0x00000000c5c00000| Untracked 
|  43|0x00000000c5d00000, 0x00000000c5d00000, 0x00000000c5e00000|  0%| F|  |TAMS 0x00000000c5d00000, 0x00000000c5d00000| Untracked 
|  44|0x00000000c5e00000, 0x00000000c5e00000, 0x00000000c5f00000|  0%| F|  |TAMS 0x00000000c5e00000, 0x00000000c5e00000| Untracked 
|  45|0x00000000c5f00000, 0x00000000c5f00000, 0x00000000c6000000|  0%| F|  |TAMS 0x00000000c5f00000, 0x00000000c5f00000| Untracked 
|  46|0x00000000c6000000, 0x00000000c6000000, 0x00000000c6100000|  0%| F|  |TAMS 0x00000000c6000000, 0x00000000c6000000| Untracked 
|  47|0x00000000c6100000, 0x00000000c6100000, 0x00000000c6200000|  0%| F|  |TAMS 0x00000000c6100000, 0x00000000c6100000| Untracked 
|  48|0x00000000c6200000, 0x00000000c6200000, 0x00000000c6300000|  0%| F|  |TAMS 0x00000000c6200000, 0x00000000c6200000| Untracked 
|  49|0x00000000c6300000, 0x00000000c6300000, 0x00000000c6400000|  0%| F|  |TAMS 0x00000000c6300000, 0x00000000c6300000| Untracked 
|  50|0x00000000c6400000, 0x00000000c6400000, 0x00000000c6500000|  0%| F|  |TAMS 0x00000000c6400000, 0x00000000c6400000| Untracked 
|  51|0x00000000c6500000, 0x00000000c6500000, 0x00000000c6600000|  0%| F|  |TAMS 0x00000000c6500000, 0x00000000c6500000| Untracked 
|  52|0x00000000c6600000, 0x00000000c6600000, 0x00000000c6700000|  0%| F|  |TAMS 0x00000000c6600000, 0x00000000c6600000| Untracked 
|  53|0x00000000c6700000, 0x00000000c6700000, 0x00000000c6800000|  0%| F|  |TAMS 0x00000000c6700000, 0x00000000c6700000| Untracked 
|  54|0x00000000c6800000, 0x00000000c6800000, 0x00000000c6900000|  0%| F|  |TAMS 0x00000000c6800000, 0x00000000c6800000| Untracked 
|  55|0x00000000c6900000, 0x00000000c6900000, 0x00000000c6a00000|  0%| F|  |TAMS 0x00000000c6900000, 0x00000000c6900000| Untracked 
|  56|0x00000000c6a00000, 0x00000000c6a00000, 0x00000000c6b00000|  0%| F|  |TAMS 0x00000000c6a00000, 0x00000000c6a00000| Untracked 
|  57|0x00000000c6b00000, 0x00000000c6b00000, 0x00000000c6c00000|  0%| F|  |TAMS 0x00000000c6b00000, 0x00000000c6b00000| Untracked 
|  58|0x00000000c6c00000, 0x00000000c6c00000, 0x00000000c6d00000|  0%| F|  |TAMS 0x00000000c6c00000, 0x00000000c6c00000| Untracked 
|  59|0x00000000c6d00000, 0x00000000c6d00000, 0x00000000c6e00000|  0%| F|  |TAMS 0x00000000c6d00000, 0x00000000c6d00000| Untracked 
|  60|0x00000000c6e00000, 0x00000000c6e00000, 0x00000000c6f00000|  0%| F|  |TAMS 0x00000000c6e00000, 0x00000000c6e00000| Untracked 
|  61|0x00000000c6f00000, 0x00000000c6f00000, 0x00000000c7000000|  0%| F|  |TAMS 0x00000000c6f00000, 0x00000000c6f00000| Untracked 
|  62|0x00000000c7000000, 0x00000000c7000000, 0x00000000c7100000|  0%| F|  |TAMS 0x00000000c7000000, 0x00000000c7000000| Untracked 
|  63|0x00000000c7100000, 0x00000000c7100000, 0x00000000c7200000|  0%| F|  |TAMS 0x00000000c7100000, 0x00000000c7100000| Untracked 
|  64|0x00000000c7200000, 0x00000000c7200000, 0x00000000c7300000|  0%| F|  |TAMS 0x00000000c7200000, 0x00000000c7200000| Untracked 
|  65|0x00000000c7300000, 0x00000000c7300000, 0x00000000c7400000|  0%| F|  |TAMS 0x00000000c7300000, 0x00000000c7300000| Untracked 
|  66|0x00000000c7400000, 0x00000000c7400000, 0x00000000c7500000|  0%| F|  |TAMS 0x00000000c7400000, 0x00000000c7400000| Untracked 
|  67|0x00000000c7500000, 0x00000000c7500000, 0x00000000c7600000|  0%| F|  |TAMS 0x00000000c7500000, 0x00000000c7500000| Untracked 
|  68|0x00000000c7600000, 0x00000000c7600000, 0x00000000c7700000|  0%| F|  |TAMS 0x00000000c7600000, 0x00000000c7600000| Untracked 
|  69|0x00000000c7700000, 0x00000000c7700000, 0x00000000c7800000|  0%| F|  |TAMS 0x00000000c7700000, 0x00000000c7700000| Untracked 
|  70|0x00000000c7800000, 0x00000000c7800000, 0x00000000c7900000|  0%| F|  |TAMS 0x00000000c7800000, 0x00000000c7800000| Untracked 
|  71|0x00000000c7900000, 0x00000000c7900000, 0x00000000c7a00000|  0%| F|  |TAMS 0x00000000c7900000, 0x00000000c7900000| Untracked 
|  72|0x00000000c7a00000, 0x00000000c7a00000, 0x00000000c7b00000|  0%| F|  |TAMS 0x00000000c7a00000, 0x00000000c7a00000| Untracked 
|  73|0x00000000c7b00000, 0x00000000c7b00000, 0x00000000c7c00000|  0%| F|  |TAMS 0x00000000c7b00000, 0x00000000c7b00000| Untracked 
|  74|0x00000000c7c00000, 0x00000000c7c8af58, 0x00000000c7d00000| 54%| E|  |TAMS 0x00000000c7c00000, 0x00000000c7c00000| Complete 
|  75|0x00000000c7d00000, 0x00000000c7e00000, 0x00000000c7e00000|100%| E|CS|TAMS 0x00000000c7d00000, 0x00000000c7d00000| Complete 
|  76|0x00000000c7e00000, 0x00000000c7f00000, 0x00000000c7f00000|100%| E|CS|TAMS 0x00000000c7e00000, 0x00000000c7e00000| Complete 
|  77|0x00000000c7f00000, 0x00000000c8000000, 0x00000000c8000000|100%| E|CS|TAMS 0x00000000c7f00000, 0x00000000c7f00000| Complete 
|  78|0x00000000c8000000, 0x00000000c8100000, 0x00000000c8100000|100%| E|CS|TAMS 0x00000000c8000000, 0x00000000c8000000| Complete 
|  79|0x00000000c8100000, 0x00000000c8200000, 0x00000000c8200000|100%| E|CS|TAMS 0x00000000c8100000, 0x00000000c8100000| Complete 

Card table byte_map: [0x000002060cf50000,0x000002060d140000] _byte_map_base: 0x000002060c937000

Marking Bits (Prev, Next): (CMBitMap*) 0x0000020604a78930, (CMBitMap*) 0x0000020604a788f0
 Prev Bits: [0x000002060e270000, 0x000002060f1a8000)
 Next Bits: [0x000002060d330000, 0x000002060e268000)

Polling page: 0x00000206048d0000

Metaspace:

Usage:
  Non-class:     57.04 MB used.
      Class:      8.85 MB used.
       Both:     65.89 MB used.

Virtual space:
  Non-class space:       64.00 MB reserved,      57.31 MB ( 90%) committed,  8 nodes.
      Class space:        1.00 GB reserved,       9.12 MB ( <1%) committed,  1 nodes.
             Both:        1.06 GB reserved,      66.44 MB (  6%) committed. 

Chunk freelists:
   Non-Class:  1.86 MB
       Class:  2.73 MB
        Both:  4.58 MB

MaxMetaspaceSize: unlimited
CompressedClassSpaceSize: 1.00 GB
Initial GC threshold: 21.00 MB
Current GC threshold: 110.31 MB
CDS: off
MetaspaceReclaimPolicy: balanced
 - commit_granule_bytes: 65536.
 - commit_granule_words: 8192.
 - virtual_space_node_default_size: 1048576.
 - enlarge_chunks_in_place: 1.
 - new_chunks_are_fully_committed: 0.
 - uncommit_free_chunks: 1.
 - use_allocation_guard: 0.
 - handle_deallocations: 1.


Internal statistics:

num_allocs_failed_limit: 9.
num_arena_births: 794.
num_arena_deaths: 246.
num_vsnodes_births: 9.
num_vsnodes_deaths: 0.
num_space_committed: 1066.
num_space_uncommitted: 3.
num_chunks_returned_to_freelist: 448.
num_chunks_taken_from_freelist: 3330.
num_chunk_merges: 93.
num_chunk_splits: 2082.
num_chunks_enlarged: 1512.
num_purges: 8.
num_inconsistent_stats: 0.

CodeCache: size=49152Kb used=17529Kb max_used=17529Kb free=31622Kb
 bounds [0x0000020609920000, 0x000002060aa50000, 0x000002060c920000]
 total_blobs=10010 nmethods=9369 adapters=566
 compilation: enabled
              stopped_count=0, restarted_count=0
 full_count=0

Compilation events (20 events):
Event: 1358.311 Thread 0x00000206173b8770 9363       1       com.mysql.cj.protocol.Resultset$Type::values (10 bytes)
Event: 1358.311 Thread 0x00000206117a44e0 nmethod 9361 0x000002060a817c10 code [0x000002060a817da0, 0x000002060a817f28]
Event: 1358.311 Thread 0x00000206117a44e0 9364       1       com.mysql.cj.util.StringUtils::startsWithIgnoreCaseAndWs (7 bytes)
Event: 1358.311 Thread 0x00000206173b8770 nmethod 9363 0x000002060a817890 code [0x000002060a817a20, 0x000002060a817b28]
Event: 1358.311 Thread 0x00000206117a44e0 nmethod 9364 0x000002060a817590 code [0x000002060a817720, 0x000002060a8177e8]
Event: 1358.311 Thread 0x00000206173b8770 9365       1       com.mysql.cj.jdbc.StatementImpl::getCurrentCatalog (10 bytes)
Event: 1358.311 Thread 0x000002061277f2e0 nmethod 9362 0x000002060a817110 code [0x000002060a8172c0, 0x000002060a817448]
Event: 1358.311 Thread 0x00000206173b8770 nmethod 9365 0x000002060a816e10 code [0x000002060a816fa0, 0x000002060a817088]
Event: 1358.358 Thread 0x000002061277f2e0 9366       1       java.util.Calendar::getInstance (6 bytes)
Event: 1358.358 Thread 0x000002061277f2e0 nmethod 9366 0x000002060a816b10 code [0x000002060a816ca0, 0x000002060a816d68]
Event: 1358.362 Thread 0x00000206117a44e0 9367       1       com.mysql.cj.protocol.a.ColumnDefinitionReader::read (156 bytes)
Event: 1358.364 Thread 0x00000206117a44e0 nmethod 9367 0x000002060a816010 code [0x000002060a816200, 0x000002060a816778]
Event: 1358.366 Thread 0x00000206117a44e0 9368       1       com.mysql.cj.protocol.ResultsetRows::close (1 bytes)
Event: 1358.366 Thread 0x00000206117a44e0 nmethod 9368 0x000002060a815d10 code [0x000002060a815ea0, 0x000002060a815f58]
Event: 1358.378 Thread 0x000002061277f2e0 9369       1       com.mysql.cj.jdbc.DatabaseMetaData$TableType::equalsTo (9 bytes)
Event: 1358.378 Thread 0x000002061277f2e0 nmethod 9369 0x000002060a815a10 code [0x000002060a815ba0, 0x000002060a815c88]
Event: 1358.381 Thread 0x000002061277f2e0 9370       1       com.mysql.cj.result.Field::getDecimals (5 bytes)
Event: 1358.382 Thread 0x000002061277f2e0 nmethod 9370 0x000002060a815710 code [0x000002060a8158a0, 0x000002060a815978]
Event: 1358.404 Thread 0x000002061277f2e0 9371       1       java.lang.reflect.Proxy$ProxyBuilder::mapToModule (428 bytes)
Event: 1358.407 Thread 0x000002061277f2e0 nmethod 9371 0x000002060a813210 code [0x000002060a813680, 0x000002060a814a08]

GC Heap History (20 events):
Event: 1078.088 GC heap before
{Heap before GC invocations=38 (full 2):
 garbage-first heap   total 71680K, used 47689K [0x00000000c3200000, 0x0000000100000000)
  region size 1024K, 23 young (23552K), 3 survivors (3072K)
 Metaspace       used 67072K, committed 67520K, reserved 1114112K
  class space    used 8986K, committed 9216K, reserved 1048576K
}
Event: 1078.156 GC heap after
{Heap after GC invocations=39 (full 3):
 garbage-first heap   total 71680K, used 21548K [0x00000000c3200000, 0x0000000100000000)
  region size 1024K, 0 young (0K), 0 survivors (0K)
 Metaspace       used 66428K, committed 67328K, reserved 1114112K
  class space    used 8925K, committed 9216K, reserved 1048576K
}
Event: 1078.645 GC heap before
{Heap before GC invocations=39 (full 3):
 garbage-first heap   total 71680K, used 54316K [0x00000000c3200000, 0x0000000100000000)
  region size 1024K, 32 young (32768K), 0 survivors (0K)
 Metaspace       used 66550K, committed 67328K, reserved 1114112K
  class space    used 8951K, committed 9216K, reserved 1048576K
}
Event: 1078.651 GC heap after
{Heap after GC invocations=40 (full 3):
 garbage-first heap   total 71680K, used 24227K [0x00000000c3200000, 0x0000000100000000)
  region size 1024K, 3 young (3072K), 3 survivors (3072K)
 Metaspace       used 66550K, committed 67328K, reserved 1114112K
  class space    used 8951K, committed 9216K, reserved 1048576K
}
Event: 1078.660 GC heap before
{Heap before GC invocations=40 (full 3):
 garbage-first heap   total 71680K, used 53923K [0x00000000c3200000, 0x0000000100000000)
  region size 1024K, 33 young (33792K), 3 survivors (3072K)
 Metaspace       used 66550K, committed 67328K, reserved 1114112K
  class space    used 8951K, committed 9216K, reserved 1048576K
}
Event: 1078.664 GC heap after
{Heap after GC invocations=41 (full 3):
 garbage-first heap   total 71680K, used 24078K [0x00000000c3200000, 0x0000000100000000)
  region size 1024K, 3 young (3072K), 3 survivors (3072K)
 Metaspace       used 66550K, committed 67328K, reserved 1114112K
  class space    used 8951K, committed 9216K, reserved 1048576K
}
Event: 1109.482 GC heap before
{Heap before GC invocations=41 (full 3):
 garbage-first heap   total 71680K, used 54798K [0x00000000c3200000, 0x0000000100000000)
  region size 1024K, 34 young (34816K), 3 survivors (3072K)
 Metaspace       used 66608K, committed 67328K, reserved 1114112K
  class space    used 8966K, committed 9216K, reserved 1048576K
}
Event: 1109.486 GC heap after
{Heap after GC invocations=42 (full 3):
 garbage-first heap   total 71680K, used 23959K [0x00000000c3200000, 0x0000000100000000)
  region size 1024K, 3 young (3072K), 3 survivors (3072K)
 Metaspace       used 66608K, committed 67328K, reserved 1114112K
  class space    used 8966K, committed 9216K, reserved 1048576K
}
Event: 1109.718 GC heap before
{Heap before GC invocations=42 (full 3):
 garbage-first heap   total 71680K, used 54679K [0x00000000c3200000, 0x0000000100000000)
  region size 1024K, 34 young (34816K), 3 survivors (3072K)
 Metaspace       used 66674K, committed 67328K, reserved 1114112K
  class space    used 8977K, committed 9216K, reserved 1048576K
}
Event: 1109.723 GC heap after
{Heap after GC invocations=43 (full 3):
 garbage-first heap   total 71680K, used 24727K [0x00000000c3200000, 0x0000000100000000)
  region size 1024K, 4 young (4096K), 4 survivors (4096K)
 Metaspace       used 66674K, committed 67328K, reserved 1114112K
  class space    used 8977K, committed 9216K, reserved 1048576K
}
Event: 1109.802 GC heap before
{Heap before GC invocations=43 (full 3):
 garbage-first heap   total 71680K, used 54423K [0x00000000c3200000, 0x0000000100000000)
  region size 1024K, 34 young (34816K), 4 survivors (4096K)
 Metaspace       used 66677K, committed 67328K, reserved 1114112K
  class space    used 8978K, committed 9216K, reserved 1048576K
}
Event: 1109.808 GC heap after
{Heap after GC invocations=44 (full 3):
 garbage-first heap   total 215040K, used 25031K [0x00000000c3200000, 0x0000000100000000)
  region size 1024K, 3 young (3072K), 3 survivors (3072K)
 Metaspace       used 66677K, committed 67328K, reserved 1114112K
  class space    used 8978K, committed 9216K, reserved 1048576K
}
Event: 1281.457 GC heap before
{Heap before GC invocations=44 (full 3):
 garbage-first heap   total 215040K, used 149959K [0x00000000c3200000, 0x0000000100000000)
  region size 1024K, 126 young (129024K), 3 survivors (3072K)
 Metaspace       used 67248K, committed 67776K, reserved 1114112K
  class space    used 9021K, committed 9280K, reserved 1048576K
}
Event: 1281.470 GC heap after
{Heap after GC invocations=45 (full 3):
 garbage-first heap   total 215040K, used 27660K [0x00000000c3200000, 0x0000000100000000)
  region size 1024K, 6 young (6144K), 6 survivors (6144K)
 Metaspace       used 67248K, committed 67776K, reserved 1114112K
  class space    used 9021K, committed 9280K, reserved 1048576K
}
Event: 1357.178 GC heap before
{Heap before GC invocations=45 (full 3):
 garbage-first heap   total 215040K, used 49164K [0x00000000c3200000, 0x0000000100000000)
  region size 1024K, 29 young (29696K), 6 survivors (6144K)
 Metaspace       used 67262K, committed 67776K, reserved 1114112K
  class space    used 9025K, committed 9280K, reserved 1048576K
}
Event: 1357.254 GC heap after
{Heap after GC invocations=46 (full 4):
 garbage-first heap   total 81920K, used 22521K [0x00000000c3200000, 0x0000000100000000)
  region size 1024K, 0 young (0K), 0 survivors (0K)
 Metaspace       used 67244K, committed 67776K, reserved 1114112K
  class space    used 9022K, committed 9280K, reserved 1048576K
}
Event: 1357.847 GC heap before
{Heap before GC invocations=46 (full 4):
 garbage-first heap   total 81920K, used 65529K [0x00000000c3200000, 0x0000000100000000)
  region size 1024K, 43 young (44032K), 0 survivors (0K)
 Metaspace       used 67363K, committed 67904K, reserved 1114112K
  class space    used 9049K, committed 9344K, reserved 1048576K
}
Event: 1357.853 GC heap after
{Heap after GC invocations=47 (full 4):
 garbage-first heap   total 81920K, used 25498K [0x00000000c3200000, 0x0000000100000000)
  region size 1024K, 3 young (3072K), 3 survivors (3072K)
 Metaspace       used 67363K, committed 67904K, reserved 1114112K
  class space    used 9049K, committed 9344K, reserved 1048576K
}
Event: 1358.069 GC heap before
{Heap before GC invocations=47 (full 4):
 garbage-first heap   total 81920K, used 65434K [0x00000000c3200000, 0x0000000100000000)
  region size 1024K, 43 young (44032K), 3 survivors (3072K)
 Metaspace       used 67421K, committed 67968K, reserved 1114112K
  class space    used 9055K, committed 9344K, reserved 1048576K
}
Event: 1358.075 GC heap after
{Heap after GC invocations=48 (full 4):
 garbage-first heap   total 81920K, used 25742K [0x00000000c3200000, 0x0000000100000000)
  region size 1024K, 4 young (4096K), 4 survivors (4096K)
 Metaspace       used 67421K, committed 67968K, reserved 1114112K
  class space    used 9055K, committed 9344K, reserved 1048576K
}

Deoptimization events (18 events):
Event: 1.235 Thread 0x0000020604a1e0f0 DEOPT PACKING pc=0x0000020609bea9f5 sp=0x00000046f6ffd800
Event: 1.235 Thread 0x0000020604a1e0f0 DEOPT UNPACKING pc=0x0000020609972b24 sp=0x00000046f6ffcc58 mode 3
Event: 2.026 Thread 0x0000020612c22c90 DEOPT PACKING pc=0x0000020609e36a99 sp=0x00000046f8dfcc40
Event: 2.026 Thread 0x0000020612c22c90 DEOPT UNPACKING pc=0x0000020609972b24 sp=0x00000046f8dfc120 mode 3
Event: 3.138 Thread 0x0000020612c22c90 DEOPT PACKING pc=0x0000020609e5a394 sp=0x00000046f8dfd100
Event: 3.138 Thread 0x0000020612c22c90 DEOPT UNPACKING pc=0x0000020609972b24 sp=0x00000046f8dfc658 mode 0
Event: 3.486 Thread 0x0000020612c22c90 DEOPT PACKING pc=0x000002060a023475 sp=0x00000046f8dfc700
Event: 3.486 Thread 0x0000020612c22c90 DEOPT UNPACKING pc=0x0000020609972b24 sp=0x00000046f8dfbb70 mode 3
Event: 3.950 Thread 0x0000020612c22c90 DEOPT PACKING pc=0x000002060a0af67d sp=0x00000046f8dfcbf0
Event: 3.950 Thread 0x0000020612c22c90 DEOPT UNPACKING pc=0x0000020609972b24 sp=0x00000046f8dfc158 mode 3
Event: 4.510 Thread 0x0000020612c22c90 DEOPT PACKING pc=0x0000020609eabb05 sp=0x00000046f8df6f80
Event: 4.510 Thread 0x0000020612c22c90 DEOPT UNPACKING pc=0x0000020609972b24 sp=0x00000046f8df64e0 mode 3
Event: 7.341 Thread 0x0000020612c22c90 DEOPT PACKING pc=0x000002060a2e5c99 sp=0x00000046f8dfc860
Event: 7.341 Thread 0x0000020612c22c90 DEOPT UNPACKING pc=0x0000020609972b24 sp=0x00000046f8dfbd40 mode 3
Event: 7.517 Thread 0x0000020612c22c90 DEOPT PACKING pc=0x0000020609e4e7c2 sp=0x00000046f8dfd710
Event: 7.517 Thread 0x0000020612c22c90 DEOPT UNPACKING pc=0x0000020609972b24 sp=0x00000046f8dfcc18 mode 3
Event: 974.022 Thread 0x0000020617002f40 DEOPT PACKING pc=0x000002060a68fa44 sp=0x00000046f8efbe90
Event: 974.022 Thread 0x0000020617002f40 DEOPT UNPACKING pc=0x0000020609972b24 sp=0x00000046f8efb328 mode 3

Classes unloaded (20 events):
Event: 1078.115 Thread 0x000002061174ab00 Unloading class 0x000000010090e420 'com/velocity/serviceimpl/OrderIServiceImpl'
Event: 1078.115 Thread 0x000002061174ab00 Unloading class 0x000000010090e228 'com/velocity/service/OrderService'
Event: 1078.115 Thread 0x000002061174ab00 Unloading class 0x000000010090e000 'com/velocity/serviceimpl/MultipleAddressServiceImpl'
Event: 1078.115 Thread 0x000002061174ab00 Unloading class 0x000000010090dc70 'com/velocity/service/MultipleAddressService'
Event: 1078.115 Thread 0x000002061174ab00 Unloading class 0x000000010090da48 'com/velocity/serviceimpl/CurrencyConvertServiceImpl'
Event: 1078.115 Thread 0x000002061174ab00 Unloading class 0x000000010090d850 'com/velocity/service/CurrencyConvertService'
Event: 1078.115 Thread 0x000002061174ab00 Unloading class 0x000000010090d618 'com/velocity/serviceimpl/CartServiceImpl'
Event: 1078.115 Thread 0x000002061174ab00 Unloading class 0x000000010090d420 'com/velocity/service/CartService'
Event: 1078.115 Thread 0x000002061174ab00 Unloading class 0x000000010090d1f8 'com/velocity/serviceimpl/CartAmountServiceImpl'
Event: 1078.115 Thread 0x000002061174ab00 Unloading class 0x000000010090d000 'com/velocity/service/CartAmountService'
Event: 1078.115 Thread 0x000002061174ab00 Unloading class 0x000000010090cc00 'com/velocity/serviceimpl/BankAccountServiceImpl'
Event: 1078.115 Thread 0x000002061174ab00 Unloading class 0x000000010090c4e8 'com/velocity/service/BankAccountService'
Event: 1078.115 Thread 0x000002061174ab00 Unloading class 0x000000010090c200 'com/velocity/controller/UserController'
Event: 1078.115 Thread 0x000002061174ab00 Unloading class 0x000000010090c000 'com/velocity/SpringBootMegaProjectECommerceApplication'
Event: 1357.202 Thread 0x000002061174ab00 Unloading class 0x0000000100939000 'jdk/internal/reflect/GeneratedSerializationConstructorAccessor57'
Event: 1357.202 Thread 0x000002061174ab00 Unloading class 0x0000000100931800 'jdk/internal/reflect/GeneratedSerializationConstructorAccessor56'
Event: 1357.202 Thread 0x000002061174ab00 Unloading class 0x0000000100931400 'jdk/internal/reflect/GeneratedSerializationConstructorAccessor55'
Event: 1357.202 Thread 0x000002061174ab00 Unloading class 0x0000000100930c00 'jdk/internal/reflect/GeneratedSerializationConstructorAccessor54'
Event: 1357.202 Thread 0x000002061174ab00 Unloading class 0x0000000100209400 'org/apache/catalina/loader/JdbcLeakPrevention'
Event: 1357.202 Thread 0x000002061174ab00 Unloading class 0x000000010092f000 'org/apache/catalina/loader/JdbcLeakPrevention'

Classes redefined (0 events):
No events

Internal exceptions (20 events):
Event: 1110.440 Thread 0x00000206170055c0 Exception <a 'java/lang/ClassNotFoundException'{0x00000000ce7f76d0}: com/velocity/model/CurrencyConvertCustomizer> (0x00000000ce7f76d0) 
thrown [e:\jenkins\tmp\workspace\build\src\src\hotspot\share\classfile\systemDictionary.cpp, line 256]
Event: 1110.478 Thread 0x00000206170055c0 Exception <a 'java/lang/reflect/InvocationTargetException'{0x00000000ce2f83a0}> (0x00000000ce2f83a0) 
thrown [e:\jenkins\tmp\workspace\build\src\src\hotspot\share\runtime\reflection.cpp, line 1121]
Event: 1281.318 Thread 0x0000020617004750 Exception <a 'java/lang/ClassNotFoundException'{0x00000000caaa2d30}: java/lang/ObjectCustomizer> (0x00000000caaa2d30) 
thrown [e:\jenkins\tmp\workspace\build\src\src\hotspot\share\classfile\systemDictionary.cpp, line 256]
Event: 1281.321 Thread 0x0000020617004750 Exception <a 'java/lang/ClassNotFoundException'{0x00000000caaafd00}: com/velocity/model/UserCustomizer> (0x00000000caaafd00) 
thrown [e:\jenkins\tmp\workspace\build\src\src\hotspot\share\classfile\systemDictionary.cpp, line 256]
Event: 1281.580 Thread 0x0000020617004750 Exception <a 'java/lang/ClassNotFoundException'{0x00000000cff16df8}: java/lang/ObjectCustomizer> (0x00000000cff16df8) 
thrown [e:\jenkins\tmp\workspace\build\src\src\hotspot\share\classfile\systemDictionary.cpp, line 256]
Event: 1281.582 Thread 0x0000020617004750 Exception <a 'java/lang/ClassNotFoundException'{0x00000000cff241a0}: com/velocity/model/MultipleAddressCustomizer> (0x00000000cff241a0) 
thrown [e:\jenkins\tmp\workspace\build\src\src\hotspot\share\classfile\systemDictionary.cpp, line 256]
Event: 1357.167 Thread 0x0000020617008110 Exception <a 'java/lang/InterruptedException'{0x00000000ceebbdb8}: sleep interrupted> (0x00000000ceebbdb8) 
thrown [e:\jenkins\tmp\workspace\build\src\src\hotspot\share\prims\jvm.cpp, line 3067]
Event: 1357.292 Thread 0x0000020612cddb00 Exception <a 'sun/nio/fs/WindowsException'{0x00000000c81dc698}> (0x00000000c81dc698) 
thrown [e:\jenkins\tmp\workspace\build\src\src\hotspot\share\prims\jni.cpp, line 516]
Event: 1357.742 Thread 0x0000020612cddb00 Exception <a 'java/lang/NoClassDefFoundError'{0x00000000c69fdf60}: org/flywaydb/core/Flyway> (0x00000000c69fdf60) 
thrown [e:\jenkins\tmp\workspace\build\src\src\hotspot\share\oops\constantPool.cpp, line 835]
Event: 1357.742 Thread 0x0000020612cddb00 Exception <a 'java/lang/NoClassDefFoundError'{0x00000000c69fe5b0}: liquibase/integration/spring/SpringLiquibase> (0x00000000c69fe5b0) 
thrown [e:\jenkins\tmp\workspace\build\src\src\hotspot\share\oops\constantPool.cpp, line 835]
Event: 1357.752 Thread 0x0000020612cddb00 Exception <a 'java/lang/NoClassDefFoundError'{0x00000000c686f548}: org/jooq/DSLContext> (0x00000000c686f548) 
thrown [e:\jenkins\tmp\workspace\build\src\src\hotspot\share\oops\constantPool.cpp, line 835]
Event: 1357.753 Thread 0x0000020612cddb00 Exception <a 'java/lang/NoClassDefFoundError'{0x00000000c687fb98}: org/springframework/batch/core/repository/JobRepository> (0x00000000c687fb98) 
thrown [e:\jenkins\tmp\workspace\build\src\src\hotspot\share\oops\constantPool.cpp, line 835]
Event: 1357.753 Thread 0x0000020612cddb00 Exception <a 'java/lang/NoClassDefFoundError'{0x00000000c68801e0}: org/quartz/Scheduler> (0x00000000c68801e0) 
thrown [e:\jenkins\tmp\workspace\build\src\src\hotspot\share\oops\constantPool.cpp, line 835]
Event: 1357.753 Thread 0x0000020612cddb00 Exception <a 'java/lang/NoClassDefFoundError'{0x00000000c6880850}: org/springframework/session/jdbc/JdbcIndexedSessionRepository> (0x00000000c6880850) 
thrown [e:\jenkins\tmp\workspace\build\src\src\hotspot\share\oops\constantPool.cpp, line 835]
Event: 1357.864 Thread 0x0000020612cddb00 Exception <a 'sun/nio/fs/WindowsException'{0x00000000c6782288}> (0x00000000c6782288) 
thrown [e:\jenkins\tmp\workspace\build\src\src\hotspot\share\prims\jni.cpp, line 516]
Event: 1357.865 Thread 0x0000020612cddb00 Exception <a 'sun/nio/fs/WindowsException'{0x00000000c6782890}> (0x00000000c6782890) 
thrown [e:\jenkins\tmp\workspace\build\src\src\hotspot\share\prims\jni.cpp, line 516]
Event: 1357.865 Thread 0x0000020612cddb00 Exception <a 'sun/nio/fs/WindowsException'{0x00000000c6782f68}> (0x00000000c6782f68) 
thrown [e:\jenkins\tmp\workspace\build\src\src\hotspot\share\prims\jni.cpp, line 516]
Event: 1357.885 Thread 0x0000020612cddb00 Exception <a 'java/io/FileNotFoundException'{0x00000000c67b95f8}> (0x00000000c67b95f8) 
thrown [e:\jenkins\tmp\workspace\build\src\src\hotspot\share\prims\jni.cpp, line 516]
Event: 1357.910 Thread 0x0000020612cddb00 Exception <a 'java/io/FileNotFoundException'{0x00000000c6415a80}> (0x00000000c6415a80) 
thrown [e:\jenkins\tmp\workspace\build\src\src\hotspot\share\prims\jni.cpp, line 516]
Event: 1358.410 Thread 0x0000020612cddb00 Implicit null exception at 0x0000020609fe2d0e to 0x0000000000000000

VM Operations (20 events):
Event: 1111.347 Executing VM operation: Cleanup
Event: 1111.347 Executing VM operation: Cleanup done
Event: 1281.382 Executing VM operation: Cleanup
Event: 1281.382 Executing VM operation: Cleanup done
Event: 1281.457 Executing VM operation: G1CollectForAllocation
Event: 1281.470 Executing VM operation: G1CollectForAllocation done
Event: 1282.474 Executing VM operation: Cleanup
Event: 1282.474 Executing VM operation: Cleanup done
Event: 1356.004 Executing VM operation: Cleanup
Event: 1356.004 Executing VM operation: Cleanup done
Event: 1357.178 Executing VM operation: G1CollectFull
Event: 1357.254 Executing VM operation: G1CollectFull done
Event: 1357.318 Executing VM operation: ICBufferFull
Event: 1357.318 Executing VM operation: ICBufferFull done
Event: 1357.365 Executing VM operation: ICBufferFull
Event: 1357.365 Executing VM operation: ICBufferFull done
Event: 1357.847 Executing VM operation: G1CollectForAllocation
Event: 1357.853 Executing VM operation: G1CollectForAllocation done
Event: 1358.069 Executing VM operation: G1CollectForAllocation
Event: 1358.075 Executing VM operation: G1CollectForAllocation done

Events (20 events):
Event: 1357.167 Thread 0x00000206170050f0 Thread exited: 0x00000206170050f0
Event: 1357.167 Thread 0x0000020617004280 Thread exited: 0x0000020617004280
Event: 1357.167 Thread 0x0000020617008110 Thread exited: 0x0000020617008110
Event: 1357.168 Thread 0x00000206170072a0 Thread exited: 0x00000206170072a0
Event: 1357.169 Thread 0x0000020617001c00 Thread exited: 0x0000020617001c00
Event: 1357.173 Thread 0x0000020612ce0180 Thread added: 0x0000020612ce0180
Event: 1357.173 Thread 0x00000206170008c0 Thread exited: 0x00000206170008c0
Event: 1357.177 Thread 0x0000020612ce0180 Thread exited: 0x0000020612ce0180
Event: 1357.256 Thread 0x0000020612cde970 Thread added: 0x0000020612cde970
Event: 1357.256 Thread 0x0000020612cde970 Thread exited: 0x0000020612cde970
Event: 1357.256 Thread 0x0000020612cddb00 Thread added: 0x0000020612cddb00
Event: 1357.405 Thread 0x0000020612ce0180 Thread added: 0x0000020612ce0180
Event: 1357.445 Thread 0x0000020612ce0180 Thread exited: 0x0000020612ce0180
Event: 1357.911 Thread 0x0000020612cdcc90 Thread added: 0x0000020612cdcc90
Event: 1357.911 Thread 0x0000020612cde4a0 Thread added: 0x0000020612cde4a0
Event: 1357.912 Thread 0x0000020612cde970 Thread added: 0x0000020612cde970
Event: 1357.980 Thread 0x0000020612cdf310 Thread added: 0x0000020612cdf310
Event: 1357.987 Thread 0x000002061277f2e0 Thread added: 0x000002061277f2e0
Event: 1357.987 Thread 0x00000206173b8770 Thread added: 0x00000206173b8770
Event: 1358.095 Thread 0x0000020612cdfcb0 Thread added: 0x0000020612cdfcb0


Dynamic libraries:
0x00007ff70e450000 - 0x00007ff70e45e000 	C:\Users\DELL\Downloads\sts-4.12.1.RELEASE\plugins\org.eclipse.justj.openjdk.hotspot.jre.full.win32.x86_64_17.0.0.v20211012-1059\jre\bin\javaw.exe
0x00007ff8c70b0000 - 0x00007ff8c72a8000 	C:\Windows\SYSTEM32\ntdll.dll
0x00007ff8c6740000 - 0x00007ff8c67ff000 	C:\Windows\System32\KERNEL32.DLL
0x00007ff8c4b70000 - 0x00007ff8c4e66000 	C:\Windows\System32\KERNELBASE.dll
0x00007ff8c5010000 - 0x00007ff8c5110000 	C:\Windows\System32\ucrtbase.dll
0x00007ff8bb3e0000 - 0x00007ff8bb3f8000 	C:\Users\DELL\Downloads\sts-4.12.1.RELEASE\plugins\org.eclipse.justj.openjdk.hotspot.jre.full.win32.x86_64_17.0.0.v20211012-1059\jre\bin\jli.dll
0x00007ff8c56f0000 - 0x00007ff8c588d000 	C:\Windows\System32\USER32.dll
0x00007ff8c4fe0000 - 0x00007ff8c5002000 	C:\Windows\System32\win32u.dll
0x00007ff8c6710000 - 0x00007ff8c673c000 	C:\Windows\System32\GDI32.dll
0x00007ff8c49e0000 - 0x00007ff8c4af5000 	C:\Windows\System32\gdi32full.dll
0x00007ff8c4940000 - 0x00007ff8c49dd000 	C:\Windows\System32\msvcp_win.dll
0x00007ff8bb400000 - 0x00007ff8bb419000 	C:\Users\DELL\Downloads\sts-4.12.1.RELEASE\plugins\org.eclipse.justj.openjdk.hotspot.jre.full.win32.x86_64_17.0.0.v20211012-1059\jre\bin\VCRUNTIME140.dll
0x00007ff8af000000 - 0x00007ff8af29a000 	C:\Windows\WinSxS\amd64_microsoft.windows.common-controls_6595b64144ccf1df_6.0.19041.1110_none_60b5254171f9507e\COMCTL32.dll
0x00007ff8c6060000 - 0x00007ff8c60fe000 	C:\Windows\System32\msvcrt.dll
0x00007ff8c66e0000 - 0x00007ff8c6710000 	C:\Windows\System32\IMM32.DLL
0x00007ff8bb4a0000 - 0x00007ff8bb4ac000 	C:\Users\DELL\Downloads\sts-4.12.1.RELEASE\plugins\org.eclipse.justj.openjdk.hotspot.jre.full.win32.x86_64_17.0.0.v20211012-1059\jre\bin\vcruntime140_1.dll
0x00007ff8b0d20000 - 0x00007ff8b0db1000 	C:\Users\DELL\Downloads\sts-4.12.1.RELEASE\plugins\org.eclipse.justj.openjdk.hotspot.jre.full.win32.x86_64_17.0.0.v20211012-1059\jre\bin\msvcp140.dll
0x00007ff886680000 - 0x00007ff8872c6000 	C:\Users\DELL\Downloads\sts-4.12.1.RELEASE\plugins\org.eclipse.justj.openjdk.hotspot.jre.full.win32.x86_64_17.0.0.v20211012-1059\jre\bin\server\jvm.dll
0x00007ff8c6590000 - 0x00007ff8c663f000 	C:\Windows\System32\ADVAPI32.dll
0x00007ff8c5110000 - 0x00007ff8c51ac000 	C:\Windows\System32\sechost.dll
0x00007ff8c6100000 - 0x00007ff8c6226000 	C:\Windows\System32\RPCRT4.dll
0x00007ff8c54a0000 - 0x00007ff8c54a8000 	C:\Windows\System32\PSAPI.DLL
0x00007ff8a04d0000 - 0x00007ff8a04d9000 	C:\Windows\SYSTEM32\WSOCK32.dll
0x00007ff8c6da0000 - 0x00007ff8c6e0b000 	C:\Windows\System32\WS2_32.dll
0x00007ff8a2790000 - 0x00007ff8a27b7000 	C:\Windows\SYSTEM32\WINMM.dll
0x00007ff8b8a30000 - 0x00007ff8b8a3a000 	C:\Windows\SYSTEM32\VERSION.dll
0x00007ff8c2610000 - 0x00007ff8c2622000 	C:\Windows\SYSTEM32\kernel.appcore.dll
0x00007ff8982e0000 - 0x00007ff8982ea000 	C:\Users\DELL\Downloads\sts-4.12.1.RELEASE\plugins\org.eclipse.justj.openjdk.hotspot.jre.full.win32.x86_64_17.0.0.v20211012-1059\jre\bin\jimage.dll
0x00007ff8b7100000 - 0x00007ff8b72e4000 	C:\Windows\SYSTEM32\DBGHELP.DLL
0x00007ff8b7960000 - 0x00007ff8b7994000 	C:\Windows\SYSTEM32\dbgcore.DLL
0x00007ff8c4f50000 - 0x00007ff8c4fd2000 	C:\Windows\System32\bcryptPrimitives.dll
0x00007ff892470000 - 0x00007ff892495000 	C:\Users\DELL\Downloads\sts-4.12.1.RELEASE\plugins\org.eclipse.justj.openjdk.hotspot.jre.full.win32.x86_64_17.0.0.v20211012-1059\jre\bin\java.dll
0x00007ff896420000 - 0x00007ff896438000 	C:\Users\DELL\Downloads\sts-4.12.1.RELEASE\plugins\org.eclipse.justj.openjdk.hotspot.jre.full.win32.x86_64_17.0.0.v20211012-1059\jre\bin\zip.dll
0x00007ff8c5890000 - 0x00007ff8c5fd4000 	C:\Windows\System32\SHELL32.dll
0x00007ff8c2810000 - 0x00007ff8c2fa3000 	C:\Windows\SYSTEM32\windows.storage.dll
0x00007ff8c6230000 - 0x00007ff8c6584000 	C:\Windows\System32\combase.dll
0x00007ff8c41f0000 - 0x00007ff8c421e000 	C:\Windows\SYSTEM32\Wldp.dll
0x00007ff8c6fc0000 - 0x00007ff8c706d000 	C:\Windows\System32\SHCORE.dll
0x00007ff8c6e10000 - 0x00007ff8c6e65000 	C:\Windows\System32\shlwapi.dll
0x00007ff8c46d0000 - 0x00007ff8c46ef000 	C:\Windows\SYSTEM32\profapi.dll
0x00007ff892450000 - 0x00007ff892469000 	C:\Users\DELL\Downloads\sts-4.12.1.RELEASE\plugins\org.eclipse.justj.openjdk.hotspot.jre.full.win32.x86_64_17.0.0.v20211012-1059\jre\bin\net.dll
0x00007ff8bab20000 - 0x00007ff8bac2a000 	C:\Windows\SYSTEM32\WINHTTP.dll
0x00007ff8c3f50000 - 0x00007ff8c3fba000 	C:\Windows\system32\mswsock.dll
0x00007ff892430000 - 0x00007ff892445000 	C:\Users\DELL\Downloads\sts-4.12.1.RELEASE\plugins\org.eclipse.justj.openjdk.hotspot.jre.full.win32.x86_64_17.0.0.v20211012-1059\jre\bin\nio.dll
0x00007ff8b6c50000 - 0x00007ff8b6c59000 	C:\Users\DELL\Downloads\sts-4.12.1.RELEASE\plugins\org.eclipse.justj.openjdk.hotspot.jre.full.win32.x86_64_17.0.0.v20211012-1059\jre\bin\management.dll
0x00007ff8b6c40000 - 0x00007ff8b6c4b000 	C:\Users\DELL\Downloads\sts-4.12.1.RELEASE\plugins\org.eclipse.justj.openjdk.hotspot.jre.full.win32.x86_64_17.0.0.v20211012-1059\jre\bin\management_ext.dll
0x00007ff8b1b00000 - 0x00007ff8b1b17000 	C:\Windows\system32\napinsp.dll
0x00007ff8b1ae0000 - 0x00007ff8b1afb000 	C:\Windows\system32\pnrpnsp.dll
0x00007ff8b1ac0000 - 0x00007ff8b1ad5000 	C:\Windows\system32\wshbth.dll
0x00007ff8bb350000 - 0x00007ff8bb36d000 	C:\Windows\system32\NLAapi.dll
0x00007ff8c3b60000 - 0x00007ff8c3b9c000 	C:\Windows\SYSTEM32\IPHLPAPI.DLL
0x00007ff8c3ba0000 - 0x00007ff8c3c6b000 	C:\Windows\SYSTEM32\DNSAPI.dll
0x00007ff8c6d90000 - 0x00007ff8c6d98000 	C:\Windows\System32\NSI.dll
0x00007ff8b19c0000 - 0x00007ff8b19d2000 	C:\Windows\System32\winrnr.dll
0x000000005ae20000 - 0x000000005ae46000 	C:\Program Files\Bonjour\mdnsNSP.dll
0x00007ff8c0030000 - 0x00007ff8c003a000 	C:\Windows\System32\rasadhlp.dll
0x00007ff8b5860000 - 0x00007ff8b58e2000 	C:\Windows\System32\fwpuclnt.dll
0x00007ff8c4e70000 - 0x00007ff8c4e97000 	C:\Windows\System32\bcrypt.dll
0x00007ff8c4150000 - 0x00007ff8c4168000 	C:\Windows\SYSTEM32\CRYPTSP.dll
0x00007ff8c3790000 - 0x00007ff8c37c4000 	C:\Windows\system32\rsaenh.dll
0x00007ff8c4650000 - 0x00007ff8c467e000 	C:\Windows\SYSTEM32\USERENV.dll
0x00007ff8c4140000 - 0x00007ff8c414c000 	C:\Windows\SYSTEM32\CRYPTBASE.dll
0x00007ff8baea0000 - 0x00007ff8baeb7000 	C:\Windows\SYSTEM32\dhcpcsvc6.DLL
0x00007ff8bb1f0000 - 0x00007ff8bb20d000 	C:\Windows\SYSTEM32\dhcpcsvc.DLL
0x00007ff8bb860000 - 0x00007ff8bb870000 	C:\Users\DELL\Downloads\sts-4.12.1.RELEASE\plugins\org.eclipse.justj.openjdk.hotspot.jre.full.win32.x86_64_17.0.0.v20211012-1059\jre\bin\verify.dll
0x00007ff8b6c30000 - 0x00007ff8b6c3e000 	C:\Users\DELL\Downloads\sts-4.12.1.RELEASE\plugins\org.eclipse.justj.openjdk.hotspot.jre.full.win32.x86_64_17.0.0.v20211012-1059\jre\bin\sunmscapi.dll
0x00007ff8c4790000 - 0x00007ff8c48ee000 	C:\Windows\System32\CRYPT32.dll
0x00007ff8c4260000 - 0x00007ff8c4288000 	C:\Windows\SYSTEM32\ncrypt.dll
0x00007ff8c4220000 - 0x00007ff8c425b000 	C:\Windows\SYSTEM32\NTASN1.dll
0x00007ff8bea60000 - 0x00007ff8bea67000 	C:\Windows\system32\wshunix.dll

dbghelp: loaded successfully - version: 4.0.5 - missing functions: none
symbol engine: initialized successfully - sym options: 0x614 - pdb path: .;C:\Users\DELL\Downloads\sts-4.12.1.RELEASE\plugins\org.eclipse.justj.openjdk.hotspot.jre.full.win32.x86_64_17.0.0.v20211012-1059\jre\bin;C:\Windows\SYSTEM32;C:\Windows\WinSxS\amd64_microsoft.windows.common-controls_6595b64144ccf1df_6.0.19041.1110_none_60b5254171f9507e;C:\Users\DELL\Downloads\sts-4.12.1.RELEASE\plugins\org.eclipse.justj.openjdk.hotspot.jre.full.win32.x86_64_17.0.0.v20211012-1059\jre\bin\server;C:\Program Files\Bonjour

VM Arguments:
jvm_args: -Dcom.sun.management.jmxremote -Dcom.sun.management.jmxremote.port=51904 -Dcom.sun.management.jmxremote.authenticate=false -Dcom.sun.management.jmxremote.ssl=false -Djava.rmi.server.hostname=localhost -Dspring.jmx.enabled=true -Dspring.application.admin.enabled=true -XX:TieredStopAtLevel=1 -Dspring.boot.project.name=Mega-Project-Velocity -Dfile.encoding=UTF-8 -XX:+ShowCodeDetailsInExceptionMessages 
java_command: com.velocity.SpringBootMegaProjectECommerceApplication --spring.output.ansi.enabled=always
java_class_path (initial): E:\STS Application\E Commerce Project\Mega-Project-Velocity\target\classes;C:\Users\DELL\.m2\repository\org\springframework\boot\spring-boot-starter\2.7.11\spring-boot-starter-2.7.11.jar;C:\Users\DELL\.m2\repository\org\springframework\boot\spring-boot\2.7.11\spring-boot-2.7.11.jar;C:\Users\DELL\.m2\repository\org\springframework\spring-context\5.3.27\spring-context-5.3.27.jar;C:\Users\DELL\.m2\repository\org\springframework\boot\spring-boot-autoconfigure\2.7.11\spring-boot-autoconfigure-2.7.11.jar;C:\Users\DELL\.m2\repository\org\springframework\boot\spring-boot-starter-logging\2.7.11\spring-boot-starter-logging-2.7.11.jar;C:\Users\DELL\.m2\repository\ch\qos\logback\logback-classic\1.2.12\logback-classic-1.2.12.jar;C:\Users\DELL\.m2\repository\ch\qos\logback\logback-core\1.2.12\logback-core-1.2.12.jar;C:\Users\DELL\.m2\repository\org\apache\logging\log4j\log4j-to-slf4j\2.17.2\log4j-to-slf4j-2.17.2.jar;C:\Users\DELL\.m2\repository\org\apache\logging\log4j\log4j-api\2.17.2\log4j-api-2.17.2.jar;C:\Users\DELL\.m2\repository\org\slf4j\jul-to-slf4j\1.7.36\jul-to-slf4j-1.7.36.jar;C:\Users\DELL\.m2\repository\jakarta\annotation\jakarta.annotation-api\1.3.5\jakarta.annotation-api-1.3.5.jar;C:\Users\DELL\.m2\repository\org\springframework\spring-core\5.3.27\spring-core-5.3.27.jar;C:\Users\DELL\.m2\repository\org\springframework\spring-jcl\5.3.27\spring-jcl-5.3.27.jar;C:\Users\DELL\.m2\repository\org\yaml\snakeyaml\1.30\snakeyaml-1.30.jar;C:\Users\DELL\.m2\repository\org\slf4j\slf4j-api\1.7.36\slf4j-api-1.7.36.jar;C:\Users\DELL\.m2\repository\jakarta\xml\bind\jakarta.xml.bind-api\2.3.3\jakarta.xml.bind-api-2.3.3.jar;C:\Users\DELL\.m2\repository\jakarta\activation\jakarta.activation-api\1.2.2\jakarta.activation-api-1.2.2.jar;C:\Users\DELL\.m2\repository\net\bytebuddy\byte-buddy\1.12.23\byte-buddy-1.12.23.jar;C:\Users\DELL\.m2\repository\org\springframework\boot\spring-boot-starter-web\2.7.11\spring-boot-starter-web-2.7.11.jar;C:\Users\DELL\.m2\repo
Launcher Type: SUN_STANDARD

[Global flags]
     intx CICompilerCount                          = 3                                         {product} {ergonomic}
     uint ConcGCThreads                            = 1                                         {product} {ergonomic}
     uint G1ConcRefinementThreads                  = 4                                         {product} {ergonomic}
   size_t G1HeapRegionSize                         = 1048576                                   {product} {ergonomic}
    uintx GCDrainStackTargetSize                   = 64                                        {product} {ergonomic}
   size_t InitialHeapSize                          = 65011712                                  {product} {ergonomic}
     bool ManagementServer                         = true                                      {product} {command line}
   size_t MarkStackSize                            = 4194304                                   {product} {ergonomic}
   size_t MaxHeapSize                              = 1021313024                                {product} {ergonomic}
   size_t MaxNewSize                               = 612368384                                 {product} {ergonomic}
   size_t MinHeapDeltaBytes                        = 1048576                                   {product} {ergonomic}
   size_t MinHeapSize                              = 8388608                                   {product} {ergonomic}
    uintx NonProfiledCodeHeapSize                  = 0                                      {pd product} {ergonomic}
     bool ProfileInterpreter                       = false                                  {pd product} {command line}
    uintx ProfiledCodeHeapSize                     = 0                                      {pd product} {ergonomic}
     bool ShowCodeDetailsInExceptionMessages       = true                                   {manageable} {command line}
   size_t SoftMaxHeapSize                          = 1021313024                             {manageable} {ergonomic}
     intx TieredStopAtLevel                        = 1                                         {product} {command line}
     bool UseCompressedClassPointers               = true                           {product lp64_product} {ergonomic}
     bool UseCompressedOops                        = true                           {product lp64_product} {ergonomic}
     bool UseG1GC                                  = true                                      {product} {ergonomic}
     bool UseLargePagesIndividualAllocation        = false                                  {pd product} {ergonomic}

Logging:
Log output configuration:
 #0: stdout all=warning uptime,level,tags
 #1: stderr all=off uptime,level,tags

Environment Variables:
JAVA_HOME=C:\Program Files\Java\jdk1.8.0_241
PATH=C:/Users/DELL/Downloads/sts-4.12.1.RELEASE//plugins/org.eclipse.justj.openjdk.hotspot.jre.full.win32.x86_64_17.0.0.v20211012-1059/jre/bin/server;C:/Users/DELL/Downloads/sts-4.12.1.RELEASE//plugins/org.eclipse.justj.openjdk.hotspot.jre.full.win32.x86_64_17.0.0.v20211012-1059/jre/bin;C:\Program Files (x86)\Common Files\Oracle\Java\javapath;C:\Windows\system32;C:\Windows;C:\Windows\System32\Wbem;C:\Windows\System32\WindowsPowerShell\v1.0\;C:\Windows\System32\OpenSSH\;C:\Program Files\Git\cmd;C:\Program Files\MySQL\MySQL Shell 8.0\bin\;C:\Users\DELL\AppData\Local\Microsoft\WindowsApps;;C:\Users\DELL\Downloads\sts-4.12.1.RELEASE;
USERNAME=DELL
OS=Windows_NT
PROCESSOR_IDENTIFIER=Intel64 Family 6 Model 37 Stepping 5, GenuineIntel



---------------  S Y S T E M  ---------------

OS:
 Windows 10 , 64 bit Build 19041 (10.0.19041.2913)
OS uptime: 0 days 1:46 hours

CPU: total 4 (initial active 4) (2 cores per cpu, 2 threads per core) family 6 model 37 stepping 5 microcode 0x7, cx8, cmov, fxsr, ht, mmx, sse, sse2, sse3, ssse3, sse4.1, sse4.2, popcnt, tsc, tscinvbit, aes, clmul, clflush

Memory: 4k page, system-wide physical 3894M (408M free)
TotalPageFile size 7954M (AvailPageFile size 1901M)
current process WorkingSet (physical memory assigned to process): 220M, peak: 336M
current process commit charge ("private bytes"): 253M, peak: 400M

vm_info: OpenJDK 64-Bit Server VM (17+35) for windows-amd64 JRE (17+35), built on Sep 14 2021 17:27:39 by "" with MS VC++ 16.7 (VS2019)

END.
